2024/08/07 21:31:38 Redstone log file opened.
2024/08/07 21:31:41 left: false
2024/08/07 21:31:41 right: false
2024/08/07 21:31:41 up: false
2024/08/07 21:31:41 down: false
2024/08/07 21:31:41 left: false
2024/08/07 21:31:41 right: false
2024/08/07 21:31:41 up: false
2024/08/07 21:31:41 down: false
2024/08/07 21:31:41 left: false
2024/08/07 21:31:41 right: false
2024/08/07 21:31:41 up: false
2024/08/07 21:31:41 down: false
2024/08/07 21:31:42 left: false
2024/08/07 21:31:42 right: false
2024/08/07 21:31:42 up: false
2024/08/07 21:31:42 down: false
2024/08/07 21:31:42 left: false
2024/08/07 21:31:42 right: false
2024/08/07 21:31:42 up: false
2024/08/07 21:31:42 down: false
2024/08/07 21:31:42 left: false
2024/08/07 21:31:42 right: false
2024/08/07 21:31:42 up: false
2024/08/07 21:31:42 down: false
2024/08/07 21:31:42 left: true
2024/08/07 21:31:42 right: false
2024/08/07 21:31:42 up: false
2024/08/07 21:31:42 down: true
2024/08/07 21:31:42 left: false
2024/08/07 21:31:42 right: true
2024/08/07 21:31:42 up: false
2024/08/07 21:31:42 down: false
2024/08/07 21:31:42 left: true
2024/08/07 21:31:42 right: false
2024/08/07 21:31:42 up: false
2024/08/07 21:31:42 down: true
2024/08/07 21:31:42 left: true
2024/08/07 21:31:42 right: false
2024/08/07 21:31:42 up: false
2024/08/07 21:31:42 down: true
2024/08/07 21:31:42 left: false
2024/08/07 21:31:42 right: true
2024/08/07 21:31:42 up: false
2024/08/07 21:31:42 down: false
2024/08/07 21:31:42 left: true
2024/08/07 21:31:42 right: false
2024/08/07 21:31:42 up: false
2024/08/07 21:31:42 down: true
2024/08/07 21:31:42 left: true
2024/08/07 21:31:42 right: false
2024/08/07 21:31:42 up: false
2024/08/07 21:31:42 down: true
2024/08/07 21:31:43 left: false
2024/08/07 21:31:43 right: true
2024/08/07 21:31:43 up: false
2024/08/07 21:31:43 down: false
2024/08/07 21:31:43 left: true
2024/08/07 21:31:43 right: true
2024/08/07 21:31:43 up: false
2024/08/07 21:31:43 down: true
2024/08/07 21:31:43 left: true
2024/08/07 21:31:43 right: false
2024/08/07 21:31:43 up: false
2024/08/07 21:31:43 down: true
2024/08/07 21:31:43 left: true
2024/08/07 21:31:43 right: false
2024/08/07 21:31:43 up: false
2024/08/07 21:31:43 down: true
2024/08/07 21:31:43 left: false
2024/08/07 21:31:43 right: true
2024/08/07 21:31:43 up: false
2024/08/07 21:31:43 down: false
2024/08/07 21:31:43 left: true
2024/08/07 21:31:43 right: true
2024/08/07 21:31:43 up: false
2024/08/07 21:31:43 down: true
2024/08/07 21:31:43 left: true
2024/08/07 21:31:43 right: false
2024/08/07 21:31:43 up: false
2024/08/07 21:31:43 down: true
2024/08/07 21:31:43 left: false
2024/08/07 21:31:43 right: false
2024/08/07 21:31:43 up: true
2024/08/07 21:31:43 down: false
2024/08/07 21:31:43 left: false
2024/08/07 21:31:43 right: true
2024/08/07 21:31:43 up: false
2024/08/07 21:31:43 down: false
2024/08/07 21:31:43 left: true
2024/08/07 21:31:43 right: true
2024/08/07 21:31:43 up: false
2024/08/07 21:31:43 down: true
2024/08/07 21:31:43 left: true
2024/08/07 21:31:43 right: false
2024/08/07 21:31:43 up: false
2024/08/07 21:31:43 down: true
2024/08/07 21:31:43 left: false
2024/08/07 21:31:43 right: false
2024/08/07 21:31:43 up: true
2024/08/07 21:31:43 down: false
2024/08/07 21:31:43 left: false
2024/08/07 21:31:43 right: false
2024/08/07 21:31:43 up: true
2024/08/07 21:31:43 down: false
2024/08/07 21:31:44 left: false
2024/08/07 21:31:44 right: true
2024/08/07 21:31:44 up: false
2024/08/07 21:31:44 down: false
2024/08/07 21:31:44 left: true
2024/08/07 21:31:44 right: true
2024/08/07 21:31:44 up: false
2024/08/07 21:31:44 down: true
2024/08/07 21:31:44 left: true
2024/08/07 21:31:44 right: false
2024/08/07 21:31:44 up: false
2024/08/07 21:31:44 down: true
2024/08/07 21:31:44 left: false
2024/08/07 21:31:44 right: false
2024/08/07 21:31:44 up: true
2024/08/07 21:31:44 down: false
2024/08/07 21:31:44 left: false
2024/08/07 21:31:44 right: false
2024/08/07 21:31:44 up: true
2024/08/07 21:31:44 down: false
2024/08/07 21:31:44 left: false
2024/08/07 21:31:44 right: true
2024/08/07 21:31:44 up: false
2024/08/07 21:31:44 down: false
2024/08/07 21:31:44 left: true
2024/08/07 21:31:44 right: true
2024/08/07 21:31:44 up: false
2024/08/07 21:31:44 down: true
2024/08/07 21:31:44 left: true
2024/08/07 21:31:44 right: false
2024/08/07 21:31:44 up: false
2024/08/07 21:31:44 down: true
2024/08/07 21:31:44 left: false
2024/08/07 21:31:44 right: false
2024/08/07 21:31:44 up: true
2024/08/07 21:31:44 down: false
2024/08/07 21:31:44 left: false
2024/08/07 21:31:44 right: false
2024/08/07 21:31:44 up: true
2024/08/07 21:31:44 down: false
2024/08/07 21:31:44 left: false
2024/08/07 21:31:44 right: false
2024/08/07 21:31:44 up: true
2024/08/07 21:31:44 down: false
2024/08/07 21:31:44 left: false
2024/08/07 21:31:44 right: true
2024/08/07 21:31:44 up: false
2024/08/07 21:31:44 down: false
2024/08/07 21:31:44 left: true
2024/08/07 21:31:44 right: true
2024/08/07 21:31:44 up: false
2024/08/07 21:31:44 down: true
2024/08/07 21:31:44 left: true
2024/08/07 21:31:44 right: false
2024/08/07 21:31:44 up: false
2024/08/07 21:31:44 down: true
2024/08/07 21:31:44 left: false
2024/08/07 21:31:44 right: false
2024/08/07 21:31:44 up: true
2024/08/07 21:31:44 down: false
2024/08/07 21:31:44 left: false
2024/08/07 21:31:44 right: false
2024/08/07 21:31:44 up: true
2024/08/07 21:31:44 down: false
2024/08/07 21:31:44 left: false
2024/08/07 21:31:44 right: false
2024/08/07 21:31:44 up: true
2024/08/07 21:31:44 down: false
2024/08/07 21:31:44 left: false
2024/08/07 21:31:44 right: true
2024/08/07 21:31:44 up: false
2024/08/07 21:31:44 down: false
2024/08/07 21:31:44 left: true
2024/08/07 21:31:44 right: true
2024/08/07 21:31:44 up: false
2024/08/07 21:31:44 down: true
2024/08/07 21:31:44 left: true
2024/08/07 21:31:44 right: false
2024/08/07 21:31:44 up: false
2024/08/07 21:31:44 down: true
2024/08/07 21:31:44 left: false
2024/08/07 21:31:44 right: false
2024/08/07 21:31:44 up: true
2024/08/07 21:31:44 down: false
2024/08/07 21:31:44 left: false
2024/08/07 21:31:44 right: false
2024/08/07 21:31:44 up: true
2024/08/07 21:31:44 down: false
2024/08/07 21:31:44 left: false
2024/08/07 21:31:44 right: false
2024/08/07 21:31:44 up: true
2024/08/07 21:31:44 down: false
2024/08/07 21:31:44 left: false
2024/08/07 21:31:44 right: false
2024/08/07 21:31:44 up: true
2024/08/07 21:31:44 down: false
2024/08/07 21:31:45 left: false
2024/08/07 21:31:45 right: true
2024/08/07 21:31:45 up: false
2024/08/07 21:31:45 down: false
2024/08/07 21:31:45 left: true
2024/08/07 21:31:45 right: true
2024/08/07 21:31:45 up: false
2024/08/07 21:31:45 down: true
2024/08/07 21:31:45 left: true
2024/08/07 21:31:45 right: false
2024/08/07 21:31:45 up: false
2024/08/07 21:31:45 down: true
2024/08/07 21:31:45 left: false
2024/08/07 21:31:45 right: false
2024/08/07 21:31:45 up: true
2024/08/07 21:31:45 down: false
2024/08/07 21:31:45 left: false
2024/08/07 21:31:45 right: false
2024/08/07 21:31:45 up: true
2024/08/07 21:31:45 down: false
2024/08/07 21:31:45 left: false
2024/08/07 21:31:45 right: false
2024/08/07 21:31:45 up: true
2024/08/07 21:31:45 down: false
2024/08/07 21:31:45 left: true
2024/08/07 21:31:45 right: false
2024/08/07 21:31:45 up: false
2024/08/07 21:31:45 down: true
2024/08/07 21:31:45 left: false
2024/08/07 21:31:45 right: true
2024/08/07 21:31:45 up: false
2024/08/07 21:31:45 down: false
2024/08/07 21:31:45 left: true
2024/08/07 21:31:45 right: true
2024/08/07 21:31:45 up: false
2024/08/07 21:31:45 down: true
2024/08/07 21:31:45 left: true
2024/08/07 21:31:45 right: false
2024/08/07 21:31:45 up: false
2024/08/07 21:31:45 down: true
2024/08/07 21:31:45 left: false
2024/08/07 21:31:45 right: false
2024/08/07 21:31:45 up: true
2024/08/07 21:31:45 down: false
2024/08/07 21:31:45 left: false
2024/08/07 21:31:45 right: false
2024/08/07 21:31:45 up: true
2024/08/07 21:31:45 down: false
2024/08/07 21:31:45 left: false
2024/08/07 21:31:45 right: true
2024/08/07 21:31:45 up: true
2024/08/07 21:31:45 down: false
2024/08/07 21:31:45 left: true
2024/08/07 21:31:45 right: false
2024/08/07 21:31:45 up: false
2024/08/07 21:31:45 down: true
2024/08/07 21:31:45 left: true
2024/08/07 21:31:45 right: false
2024/08/07 21:31:45 up: false
2024/08/07 21:31:45 down: true
2024/08/07 21:31:45 left: false
2024/08/07 21:31:45 right: true
2024/08/07 21:31:45 up: false
2024/08/07 21:31:45 down: false
2024/08/07 21:31:45 left: true
2024/08/07 21:31:45 right: true
2024/08/07 21:31:45 up: false
2024/08/07 21:31:45 down: true
2024/08/07 21:31:45 left: true
2024/08/07 21:31:45 right: false
2024/08/07 21:31:45 up: false
2024/08/07 21:31:45 down: true
2024/08/07 21:31:45 left: false
2024/08/07 21:31:45 right: false
2024/08/07 21:31:45 up: true
2024/08/07 21:31:45 down: false
2024/08/07 21:31:45 left: false
2024/08/07 21:31:45 right: false
2024/08/07 21:31:45 up: true
2024/08/07 21:31:45 down: false
2024/08/07 21:31:45 left: false
2024/08/07 21:31:45 right: true
2024/08/07 21:31:45 up: true
2024/08/07 21:31:45 down: false
2024/08/07 21:31:45 left: true
2024/08/07 21:31:45 right: false
2024/08/07 21:31:45 up: false
2024/08/07 21:31:45 down: true
2024/08/07 21:31:45 left: true
2024/08/07 21:31:45 right: false
2024/08/07 21:31:45 up: false
2024/08/07 21:31:45 down: true
2024/08/07 21:31:45 left: false
2024/08/07 21:31:45 right: true
2024/08/07 21:31:45 up: false
2024/08/07 21:31:45 down: false
2024/08/07 21:31:45 left: true
2024/08/07 21:31:45 right: true
2024/08/07 21:31:45 up: false
2024/08/07 21:31:45 down: true
2024/08/07 21:31:45 left: true
2024/08/07 21:31:45 right: false
2024/08/07 21:31:45 up: false
2024/08/07 21:31:45 down: true
2024/08/07 21:31:45 left: false
2024/08/07 21:31:45 right: false
2024/08/07 21:31:45 up: true
2024/08/07 21:31:45 down: false
2024/08/07 21:31:45 left: false
2024/08/07 21:31:45 right: false
2024/08/07 21:31:45 up: true
2024/08/07 21:31:45 down: false
2024/08/07 21:31:45 left: false
2024/08/07 21:31:45 right: true
2024/08/07 21:31:45 up: true
2024/08/07 21:31:45 down: false
2024/08/07 21:31:45 left: true
2024/08/07 21:31:45 right: true
2024/08/07 21:31:45 up: false
2024/08/07 21:31:45 down: true
2024/08/07 21:31:45 left: true
2024/08/07 21:31:45 right: false
2024/08/07 21:31:45 up: false
2024/08/07 21:31:45 down: true
2024/08/07 21:31:45 left: true
2024/08/07 21:31:45 right: false
2024/08/07 21:31:45 up: false
2024/08/07 21:31:45 down: true
2024/08/07 21:31:46 left: false
2024/08/07 21:31:46 right: true
2024/08/07 21:31:46 up: false
2024/08/07 21:31:46 down: false
2024/08/07 21:31:46 left: true
2024/08/07 21:31:46 right: true
2024/08/07 21:31:46 up: false
2024/08/07 21:31:46 down: true
2024/08/07 21:31:46 left: true
2024/08/07 21:31:46 right: false
2024/08/07 21:31:46 up: false
2024/08/07 21:31:46 down: true
2024/08/07 21:31:46 left: false
2024/08/07 21:31:46 right: false
2024/08/07 21:31:46 up: true
2024/08/07 21:31:46 down: false
2024/08/07 21:31:46 left: false
2024/08/07 21:31:46 right: false
2024/08/07 21:31:46 up: true
2024/08/07 21:31:46 down: false
2024/08/07 21:31:46 left: false
2024/08/07 21:31:46 right: true
2024/08/07 21:31:46 up: true
2024/08/07 21:31:46 down: false
2024/08/07 21:31:46 left: true
2024/08/07 21:31:46 right: true
2024/08/07 21:31:46 up: false
2024/08/07 21:31:46 down: true
2024/08/07 21:31:46 left: true
2024/08/07 21:31:46 right: false
2024/08/07 21:31:46 up: false
2024/08/07 21:31:46 down: true
2024/08/07 21:31:46 left: true
2024/08/07 21:31:46 right: false
2024/08/07 21:31:46 up: false
2024/08/07 21:31:46 down: true
2024/08/07 21:31:46 left: false
2024/08/07 21:31:46 right: true
2024/08/07 21:31:46 up: false
2024/08/07 21:31:46 down: false
2024/08/07 21:31:46 left: true
2024/08/07 21:31:46 right: true
2024/08/07 21:31:46 up: false
2024/08/07 21:31:46 down: true
2024/08/07 21:31:46 left: true
2024/08/07 21:31:46 right: false
2024/08/07 21:31:46 up: false
2024/08/07 21:31:46 down: true
2024/08/07 21:31:46 left: false
2024/08/07 21:31:46 right: false
2024/08/07 21:31:46 up: true
2024/08/07 21:31:46 down: false
2024/08/07 21:31:46 left: false
2024/08/07 21:31:46 right: false
2024/08/07 21:31:46 up: true
2024/08/07 21:31:46 down: false
2024/08/07 21:31:46 left: false
2024/08/07 21:31:46 right: true
2024/08/07 21:31:46 up: true
2024/08/07 21:31:46 down: false
2024/08/07 21:31:46 left: true
2024/08/07 21:31:46 right: true
2024/08/07 21:31:46 up: false
2024/08/07 21:31:46 down: true
2024/08/07 21:31:46 left: true
2024/08/07 21:31:46 right: true
2024/08/07 21:31:46 up: false
2024/08/07 21:31:46 down: true
2024/08/07 21:31:46 left: true
2024/08/07 21:31:46 right: false
2024/08/07 21:31:46 up: false
2024/08/07 21:31:46 down: true
2024/08/07 21:31:46 left: true
2024/08/07 21:31:46 right: false
2024/08/07 21:31:46 up: false
2024/08/07 21:31:46 down: true
2024/08/07 21:31:46 left: false
2024/08/07 21:31:46 right: true
2024/08/07 21:31:46 up: false
2024/08/07 21:31:46 down: false
2024/08/07 21:31:46 left: true
2024/08/07 21:31:46 right: true
2024/08/07 21:31:46 up: false
2024/08/07 21:31:46 down: true
2024/08/07 21:31:46 left: true
2024/08/07 21:31:46 right: false
2024/08/07 21:31:46 up: false
2024/08/07 21:31:46 down: true
2024/08/07 21:31:46 left: false
2024/08/07 21:31:46 right: false
2024/08/07 21:31:46 up: true
2024/08/07 21:31:46 down: false
2024/08/07 21:31:46 left: false
2024/08/07 21:31:46 right: false
2024/08/07 21:31:46 up: true
2024/08/07 21:31:46 down: false
2024/08/07 21:31:46 left: false
2024/08/07 21:31:46 right: true
2024/08/07 21:31:46 up: true
2024/08/07 21:31:46 down: false
2024/08/07 21:31:46 left: true
2024/08/07 21:31:46 right: true
2024/08/07 21:31:46 up: false
2024/08/07 21:31:46 down: true
2024/08/07 21:31:46 left: true
2024/08/07 21:31:46 right: true
2024/08/07 21:31:46 up: false
2024/08/07 21:31:46 down: true
2024/08/07 21:31:46 left: true
2024/08/07 21:31:46 right: false
2024/08/07 21:31:46 up: false
2024/08/07 21:31:46 down: true
2024/08/07 21:31:46 left: true
2024/08/07 21:31:46 right: false
2024/08/07 21:31:46 up: false
2024/08/07 21:31:46 down: true
2024/08/07 21:31:46 left: false
2024/08/07 21:31:46 right: true
2024/08/07 21:31:46 up: false
2024/08/07 21:31:46 down: false
2024/08/07 21:31:46 left: true
2024/08/07 21:31:46 right: true
2024/08/07 21:31:46 up: false
2024/08/07 21:31:46 down: true
2024/08/07 21:31:46 left: true
2024/08/07 21:31:46 right: false
2024/08/07 21:31:46 up: false
2024/08/07 21:31:46 down: true
2024/08/07 21:31:46 left: false
2024/08/07 21:31:46 right: false
2024/08/07 21:31:46 up: true
2024/08/07 21:31:46 down: false
2024/08/07 21:31:46 left: false
2024/08/07 21:31:46 right: false
2024/08/07 21:31:46 up: true
2024/08/07 21:31:46 down: false
2024/08/07 21:31:46 left: false
2024/08/07 21:31:46 right: true
2024/08/07 21:31:46 up: true
2024/08/07 21:31:46 down: false
2024/08/07 21:31:46 left: true
2024/08/07 21:31:46 right: true
2024/08/07 21:31:46 up: false
2024/08/07 21:31:46 down: true
2024/08/07 21:31:46 left: true
2024/08/07 21:31:46 right: true
2024/08/07 21:31:46 up: false
2024/08/07 21:31:46 down: true
2024/08/07 21:31:46 left: true
2024/08/07 21:31:46 right: true
2024/08/07 21:31:46 up: false
2024/08/07 21:31:46 down: true
2024/08/07 21:31:46 left: true
2024/08/07 21:31:46 right: false
2024/08/07 21:31:46 up: false
2024/08/07 21:31:46 down: true
2024/08/07 21:31:46 left: true
2024/08/07 21:31:46 right: false
2024/08/07 21:31:46 up: false
2024/08/07 21:31:46 down: true
2024/08/07 21:31:47 left: false
2024/08/07 21:31:47 right: true
2024/08/07 21:31:47 up: false
2024/08/07 21:31:47 down: false
2024/08/07 21:31:47 left: true
2024/08/07 21:31:47 right: true
2024/08/07 21:31:47 up: false
2024/08/07 21:31:47 down: true
2024/08/07 21:31:47 left: true
2024/08/07 21:31:47 right: false
2024/08/07 21:31:47 up: false
2024/08/07 21:31:47 down: true
2024/08/07 21:31:47 left: false
2024/08/07 21:31:47 right: false
2024/08/07 21:31:47 up: true
2024/08/07 21:31:47 down: false
2024/08/07 21:31:47 left: false
2024/08/07 21:31:47 right: false
2024/08/07 21:31:47 up: true
2024/08/07 21:31:47 down: false
2024/08/07 21:31:47 left: false
2024/08/07 21:31:47 right: true
2024/08/07 21:31:47 up: true
2024/08/07 21:31:47 down: false
2024/08/07 21:31:47 left: true
2024/08/07 21:31:47 right: true
2024/08/07 21:31:47 up: false
2024/08/07 21:31:47 down: true
2024/08/07 21:31:47 left: true
2024/08/07 21:31:47 right: true
2024/08/07 21:31:47 up: false
2024/08/07 21:31:47 down: true
2024/08/07 21:31:47 left: true
2024/08/07 21:31:47 right: true
2024/08/07 21:31:47 up: false
2024/08/07 21:31:47 down: true
2024/08/07 21:31:47 left: true
2024/08/07 21:31:47 right: false
2024/08/07 21:31:47 up: false
2024/08/07 21:31:47 down: true
2024/08/07 21:31:47 left: false
2024/08/07 21:31:47 right: false
2024/08/07 21:31:47 up: true
2024/08/07 21:31:47 down: false
2024/08/07 21:31:47 left: false
2024/08/07 21:31:47 right: true
2024/08/07 21:31:47 up: false
2024/08/07 21:31:47 down: false
2024/08/07 21:31:47 left: true
2024/08/07 21:31:47 right: true
2024/08/07 21:31:47 up: false
2024/08/07 21:31:47 down: true
2024/08/07 21:31:47 left: true
2024/08/07 21:31:47 right: false
2024/08/07 21:31:47 up: false
2024/08/07 21:31:47 down: true
2024/08/07 21:31:47 left: false
2024/08/07 21:31:47 right: false
2024/08/07 21:31:47 up: true
2024/08/07 21:31:47 down: false
2024/08/07 21:31:47 left: false
2024/08/07 21:31:47 right: false
2024/08/07 21:31:47 up: true
2024/08/07 21:31:47 down: false
2024/08/07 21:31:47 left: false
2024/08/07 21:31:47 right: true
2024/08/07 21:31:47 up: true
2024/08/07 21:31:47 down: false
2024/08/07 21:31:47 left: true
2024/08/07 21:31:47 right: true
2024/08/07 21:31:47 up: false
2024/08/07 21:31:47 down: true
2024/08/07 21:31:47 left: true
2024/08/07 21:31:47 right: true
2024/08/07 21:31:47 up: false
2024/08/07 21:31:47 down: true
2024/08/07 21:31:47 left: true
2024/08/07 21:31:47 right: true
2024/08/07 21:31:47 up: false
2024/08/07 21:31:47 down: true
2024/08/07 21:31:47 left: true
2024/08/07 21:31:47 right: false
2024/08/07 21:31:47 up: false
2024/08/07 21:31:47 down: true
2024/08/07 21:31:47 left: false
2024/08/07 21:31:47 right: false
2024/08/07 21:31:47 up: true
2024/08/07 21:31:47 down: false
2024/08/07 21:31:47 left: false
2024/08/07 21:31:47 right: false
2024/08/07 21:31:47 up: true
2024/08/07 21:31:47 down: false
2024/08/07 21:31:47 left: false
2024/08/07 21:31:47 right: true
2024/08/07 21:31:47 up: false
2024/08/07 21:31:47 down: false
2024/08/07 21:31:47 left: true
2024/08/07 21:31:47 right: true
2024/08/07 21:31:47 up: false
2024/08/07 21:31:47 down: true
2024/08/07 21:31:47 left: true
2024/08/07 21:31:47 right: false
2024/08/07 21:31:47 up: false
2024/08/07 21:31:47 down: true
2024/08/07 21:31:47 left: false
2024/08/07 21:31:47 right: false
2024/08/07 21:31:47 up: true
2024/08/07 21:31:47 down: false
2024/08/07 21:31:47 left: false
2024/08/07 21:31:47 right: false
2024/08/07 21:31:47 up: true
2024/08/07 21:31:47 down: false
2024/08/07 21:31:47 left: false
2024/08/07 21:31:47 right: true
2024/08/07 21:31:47 up: true
2024/08/07 21:31:47 down: false
2024/08/07 21:31:47 left: true
2024/08/07 21:31:47 right: true
2024/08/07 21:31:47 up: false
2024/08/07 21:31:47 down: true
2024/08/07 21:31:47 left: true
2024/08/07 21:31:47 right: true
2024/08/07 21:31:47 up: false
2024/08/07 21:31:47 down: true
2024/08/07 21:31:47 left: true
2024/08/07 21:31:47 right: true
2024/08/07 21:31:47 up: false
2024/08/07 21:31:47 down: true
2024/08/07 21:31:47 left: true
2024/08/07 21:31:47 right: false
2024/08/07 21:31:47 up: false
2024/08/07 21:31:47 down: true
2024/08/07 21:31:47 left: false
2024/08/07 21:31:47 right: false
2024/08/07 21:31:47 up: true
2024/08/07 21:31:47 down: false
2024/08/07 21:31:47 left: false
2024/08/07 21:31:47 right: false
2024/08/07 21:31:47 up: true
2024/08/07 21:31:47 down: false
2024/08/07 21:31:47 left: false
2024/08/07 21:31:47 right: true
2024/08/07 21:31:47 up: false
2024/08/07 21:31:47 down: false
2024/08/07 21:31:47 left: true
2024/08/07 21:31:47 right: true
2024/08/07 21:31:47 up: false
2024/08/07 21:31:47 down: true
2024/08/07 21:31:47 left: true
2024/08/07 21:31:47 right: false
2024/08/07 21:31:47 up: false
2024/08/07 21:31:47 down: true
2024/08/07 21:31:47 left: false
2024/08/07 21:31:47 right: false
2024/08/07 21:31:47 up: true
2024/08/07 21:31:47 down: false
2024/08/07 21:31:47 left: false
2024/08/07 21:31:47 right: false
2024/08/07 21:31:47 up: true
2024/08/07 21:31:47 down: false
2024/08/07 21:31:47 left: false
2024/08/07 21:31:47 right: true
2024/08/07 21:31:47 up: true
2024/08/07 21:31:47 down: false
2024/08/07 21:31:47 left: true
2024/08/07 21:31:47 right: true
2024/08/07 21:31:47 up: false
2024/08/07 21:31:47 down: true
2024/08/07 21:31:47 left: true
2024/08/07 21:31:47 right: true
2024/08/07 21:31:47 up: false
2024/08/07 21:31:47 down: true
2024/08/07 21:31:47 left: true
2024/08/07 21:31:47 right: true
2024/08/07 21:31:47 up: false
2024/08/07 21:31:47 down: true
2024/08/07 21:31:47 left: true
2024/08/07 21:31:47 right: false
2024/08/07 21:31:47 up: false
2024/08/07 21:31:47 down: true
2024/08/07 21:31:47 left: false
2024/08/07 21:31:47 right: false
2024/08/07 21:31:47 up: true
2024/08/07 21:31:47 down: false
2024/08/07 21:31:47 left: false
2024/08/07 21:31:47 right: false
2024/08/07 21:31:47 up: true
2024/08/07 21:31:47 down: false
2024/08/07 21:31:47 left: false
2024/08/07 21:31:47 right: false
2024/08/07 21:31:47 up: true
2024/08/07 21:31:47 down: false
2024/08/07 21:31:48 left: false
2024/08/07 21:31:48 right: true
2024/08/07 21:31:48 up: false
2024/08/07 21:31:48 down: false
2024/08/07 21:31:48 left: true
2024/08/07 21:31:48 right: true
2024/08/07 21:31:48 up: false
2024/08/07 21:31:48 down: true
2024/08/07 21:31:48 left: true
2024/08/07 21:31:48 right: false
2024/08/07 21:31:48 up: false
2024/08/07 21:31:48 down: true
2024/08/07 21:31:48 left: false
2024/08/07 21:31:48 right: false
2024/08/07 21:31:48 up: true
2024/08/07 21:31:48 down: false
2024/08/07 21:31:48 left: false
2024/08/07 21:31:48 right: false
2024/08/07 21:31:48 up: true
2024/08/07 21:31:48 down: false
2024/08/07 21:31:48 left: false
2024/08/07 21:31:48 right: true
2024/08/07 21:31:48 up: true
2024/08/07 21:31:48 down: false
2024/08/07 21:31:48 left: true
2024/08/07 21:31:48 right: true
2024/08/07 21:31:48 up: false
2024/08/07 21:31:48 down: true
2024/08/07 21:31:48 left: true
2024/08/07 21:31:48 right: true
2024/08/07 21:31:48 up: false
2024/08/07 21:31:48 down: true
2024/08/07 21:31:48 left: true
2024/08/07 21:31:48 right: true
2024/08/07 21:31:48 up: false
2024/08/07 21:31:48 down: true
2024/08/07 21:31:48 left: true
2024/08/07 21:31:48 right: false
2024/08/07 21:31:48 up: false
2024/08/07 21:31:48 down: true
2024/08/07 21:31:48 left: false
2024/08/07 21:31:48 right: false
2024/08/07 21:31:48 up: true
2024/08/07 21:31:48 down: false
2024/08/07 21:31:48 left: false
2024/08/07 21:31:48 right: false
2024/08/07 21:31:48 up: true
2024/08/07 21:31:48 down: false
2024/08/07 21:31:48 left: false
2024/08/07 21:31:48 right: false
2024/08/07 21:31:48 up: true
2024/08/07 21:31:48 down: false
2024/08/07 21:31:48 left: false
2024/08/07 21:31:48 right: true
2024/08/07 21:31:48 up: false
2024/08/07 21:31:48 down: false
2024/08/07 21:31:48 left: true
2024/08/07 21:31:48 right: true
2024/08/07 21:31:48 up: false
2024/08/07 21:31:48 down: true
2024/08/07 21:31:48 left: true
2024/08/07 21:31:48 right: false
2024/08/07 21:31:48 up: false
2024/08/07 21:31:48 down: true
2024/08/07 21:31:48 left: false
2024/08/07 21:31:48 right: false
2024/08/07 21:31:48 up: true
2024/08/07 21:31:48 down: false
2024/08/07 21:31:48 left: false
2024/08/07 21:31:48 right: false
2024/08/07 21:31:48 up: true
2024/08/07 21:31:48 down: false
2024/08/07 21:31:48 left: false
2024/08/07 21:31:48 right: true
2024/08/07 21:31:48 up: true
2024/08/07 21:31:48 down: false
2024/08/07 21:31:48 left: true
2024/08/07 21:31:48 right: true
2024/08/07 21:31:48 up: false
2024/08/07 21:31:48 down: true
2024/08/07 21:31:48 left: true
2024/08/07 21:31:48 right: true
2024/08/07 21:31:48 up: false
2024/08/07 21:31:48 down: true
2024/08/07 21:31:48 left: true
2024/08/07 21:31:48 right: true
2024/08/07 21:31:48 up: false
2024/08/07 21:31:48 down: true
2024/08/07 21:31:48 left: true
2024/08/07 21:31:48 right: false
2024/08/07 21:31:48 up: false
2024/08/07 21:31:48 down: true
2024/08/07 21:31:48 left: false
2024/08/07 21:31:48 right: false
2024/08/07 21:31:48 up: true
2024/08/07 21:31:48 down: false
2024/08/07 21:31:48 left: false
2024/08/07 21:31:48 right: false
2024/08/07 21:31:48 up: true
2024/08/07 21:31:48 down: false
2024/08/07 21:31:48 left: false
2024/08/07 21:31:48 right: false
2024/08/07 21:31:48 up: true
2024/08/07 21:31:48 down: false
2024/08/07 21:31:48 left: false
2024/08/07 21:31:48 right: false
2024/08/07 21:31:48 up: true
2024/08/07 21:31:48 down: false
2024/08/07 21:31:48 left: false
2024/08/07 21:31:48 right: true
2024/08/07 21:31:48 up: false
2024/08/07 21:31:48 down: false
2024/08/07 21:31:48 left: true
2024/08/07 21:31:48 right: true
2024/08/07 21:31:48 up: false
2024/08/07 21:31:48 down: true
2024/08/07 21:31:48 left: true
2024/08/07 21:31:48 right: false
2024/08/07 21:31:48 up: false
2024/08/07 21:31:48 down: true
2024/08/07 21:31:48 left: false
2024/08/07 21:31:48 right: false
2024/08/07 21:31:48 up: true
2024/08/07 21:31:48 down: false
2024/08/07 21:31:48 left: false
2024/08/07 21:31:48 right: false
2024/08/07 21:31:48 up: true
2024/08/07 21:31:48 down: false
2024/08/07 21:31:48 left: false
2024/08/07 21:31:48 right: true
2024/08/07 21:31:48 up: true
2024/08/07 21:31:48 down: false
2024/08/07 21:31:48 left: true
2024/08/07 21:31:48 right: true
2024/08/07 21:31:48 up: false
2024/08/07 21:31:48 down: true
2024/08/07 21:31:48 left: true
2024/08/07 21:31:48 right: true
2024/08/07 21:31:48 up: false
2024/08/07 21:31:48 down: true
2024/08/07 21:31:48 left: true
2024/08/07 21:31:48 right: true
2024/08/07 21:31:48 up: false
2024/08/07 21:31:48 down: true
2024/08/07 21:31:48 left: true
2024/08/07 21:31:48 right: false
2024/08/07 21:31:48 up: false
2024/08/07 21:31:48 down: true
2024/08/07 21:31:48 left: false
2024/08/07 21:31:48 right: false
2024/08/07 21:31:48 up: true
2024/08/07 21:31:48 down: false
2024/08/07 21:31:48 left: false
2024/08/07 21:31:48 right: false
2024/08/07 21:31:48 up: true
2024/08/07 21:31:48 down: false
2024/08/07 21:31:48 left: false
2024/08/07 21:31:48 right: false
2024/08/07 21:31:48 up: true
2024/08/07 21:31:48 down: false
2024/08/07 21:31:48 left: true
2024/08/07 21:31:48 right: false
2024/08/07 21:31:48 up: false
2024/08/07 21:31:48 down: true
2024/08/07 21:31:49 left: false
2024/08/07 21:31:49 right: true
2024/08/07 21:31:49 up: false
2024/08/07 21:31:49 down: false
2024/08/07 21:31:49 left: true
2024/08/07 21:31:49 right: true
2024/08/07 21:31:49 up: false
2024/08/07 21:31:49 down: true
2024/08/07 21:31:49 left: true
2024/08/07 21:31:49 right: false
2024/08/07 21:31:49 up: false
2024/08/07 21:31:49 down: true
2024/08/07 21:31:49 left: false
2024/08/07 21:31:49 right: false
2024/08/07 21:31:49 up: true
2024/08/07 21:31:49 down: false
2024/08/07 21:31:49 left: false
2024/08/07 21:31:49 right: false
2024/08/07 21:31:49 up: true
2024/08/07 21:31:49 down: false
2024/08/07 21:31:49 left: false
2024/08/07 21:31:49 right: true
2024/08/07 21:31:49 up: true
2024/08/07 21:31:49 down: false
2024/08/07 21:31:49 left: true
2024/08/07 21:31:49 right: true
2024/08/07 21:31:49 up: false
2024/08/07 21:31:49 down: true
2024/08/07 21:31:49 left: true
2024/08/07 21:31:49 right: true
2024/08/07 21:31:49 up: false
2024/08/07 21:31:49 down: true
2024/08/07 21:31:49 left: true
2024/08/07 21:31:49 right: true
2024/08/07 21:31:49 up: false
2024/08/07 21:31:49 down: true
2024/08/07 21:31:49 left: true
2024/08/07 21:31:49 right: false
2024/08/07 21:31:49 up: false
2024/08/07 21:31:49 down: true
2024/08/07 21:31:49 left: false
2024/08/07 21:31:49 right: false
2024/08/07 21:31:49 up: true
2024/08/07 21:31:49 down: false
2024/08/07 21:31:49 left: false
2024/08/07 21:31:49 right: false
2024/08/07 21:31:49 up: true
2024/08/07 21:31:49 down: false
2024/08/07 21:31:49 left: false
2024/08/07 21:31:49 right: true
2024/08/07 21:31:49 up: true
2024/08/07 21:31:49 down: false
2024/08/07 21:31:49 left: true
2024/08/07 21:31:49 right: false
2024/08/07 21:31:49 up: false
2024/08/07 21:31:49 down: true
2024/08/07 21:31:49 left: true
2024/08/07 21:31:49 right: false
2024/08/07 21:31:49 up: false
2024/08/07 21:31:49 down: true
2024/08/07 21:31:49 left: false
2024/08/07 21:31:49 right: true
2024/08/07 21:31:49 up: false
2024/08/07 21:31:49 down: false
2024/08/07 21:31:49 left: true
2024/08/07 21:31:49 right: true
2024/08/07 21:31:49 up: false
2024/08/07 21:31:49 down: true
2024/08/07 21:31:49 left: true
2024/08/07 21:31:49 right: false
2024/08/07 21:31:49 up: false
2024/08/07 21:31:49 down: true
2024/08/07 21:31:49 left: false
2024/08/07 21:31:49 right: false
2024/08/07 21:31:49 up: true
2024/08/07 21:31:49 down: false
2024/08/07 21:31:49 left: false
2024/08/07 21:31:49 right: false
2024/08/07 21:31:49 up: true
2024/08/07 21:31:49 down: false
2024/08/07 21:31:49 left: false
2024/08/07 21:31:49 right: true
2024/08/07 21:31:49 up: true
2024/08/07 21:31:49 down: false
2024/08/07 21:31:49 left: true
2024/08/07 21:31:49 right: true
2024/08/07 21:31:49 up: false
2024/08/07 21:31:49 down: true
2024/08/07 21:31:49 left: true
2024/08/07 21:31:49 right: true
2024/08/07 21:31:49 up: false
2024/08/07 21:31:49 down: true
2024/08/07 21:31:49 left: true
2024/08/07 21:31:49 right: true
2024/08/07 21:31:49 up: false
2024/08/07 21:31:49 down: true
2024/08/07 21:31:49 left: true
2024/08/07 21:31:49 right: false
2024/08/07 21:31:49 up: false
2024/08/07 21:31:49 down: true
2024/08/07 21:31:49 left: false
2024/08/07 21:31:49 right: false
2024/08/07 21:31:49 up: true
2024/08/07 21:31:49 down: false
2024/08/07 21:31:49 left: false
2024/08/07 21:31:49 right: false
2024/08/07 21:31:49 up: true
2024/08/07 21:31:49 down: false
2024/08/07 21:31:49 left: false
2024/08/07 21:31:49 right: true
2024/08/07 21:31:49 up: true
2024/08/07 21:31:49 down: false
2024/08/07 21:31:49 left: true
2024/08/07 21:31:49 right: false
2024/08/07 21:31:49 up: false
2024/08/07 21:31:49 down: true
2024/08/07 21:31:49 left: false
2024/08/07 21:31:49 right: false
2024/08/07 21:31:49 up: true
2024/08/07 21:31:49 down: false
2024/08/07 21:31:49 left: false
2024/08/07 21:31:49 right: true
2024/08/07 21:31:49 up: false
2024/08/07 21:31:49 down: false
2024/08/07 21:31:49 left: true
2024/08/07 21:31:49 right: true
2024/08/07 21:31:49 up: false
2024/08/07 21:31:49 down: true
2024/08/07 21:31:49 left: true
2024/08/07 21:31:49 right: false
2024/08/07 21:31:49 up: false
2024/08/07 21:31:49 down: true
2024/08/07 21:31:49 left: false
2024/08/07 21:31:49 right: false
2024/08/07 21:31:49 up: true
2024/08/07 21:31:49 down: false
2024/08/07 21:31:49 left: false
2024/08/07 21:31:49 right: false
2024/08/07 21:31:49 up: true
2024/08/07 21:31:49 down: false
2024/08/07 21:31:49 left: false
2024/08/07 21:31:49 right: true
2024/08/07 21:31:49 up: true
2024/08/07 21:31:49 down: false
2024/08/07 21:31:49 left: true
2024/08/07 21:31:49 right: true
2024/08/07 21:31:49 up: false
2024/08/07 21:31:49 down: true
2024/08/07 21:31:49 left: true
2024/08/07 21:31:49 right: true
2024/08/07 21:31:49 up: false
2024/08/07 21:31:49 down: true
2024/08/07 21:31:49 left: true
2024/08/07 21:31:49 right: true
2024/08/07 21:31:49 up: false
2024/08/07 21:31:49 down: true
2024/08/07 21:31:49 left: true
2024/08/07 21:31:49 right: false
2024/08/07 21:31:49 up: false
2024/08/07 21:31:49 down: true
2024/08/07 21:31:49 left: false
2024/08/07 21:31:49 right: false
2024/08/07 21:31:49 up: true
2024/08/07 21:31:49 down: false
2024/08/07 21:31:49 left: false
2024/08/07 21:31:49 right: false
2024/08/07 21:31:49 up: true
2024/08/07 21:31:49 down: false
2024/08/07 21:31:49 left: false
2024/08/07 21:31:49 right: true
2024/08/07 21:31:49 up: true
2024/08/07 21:31:49 down: false
2024/08/07 21:31:49 left: true
2024/08/07 21:31:49 right: false
2024/08/07 21:31:49 up: false
2024/08/07 21:31:49 down: true
2024/08/07 21:31:49 left: false
2024/08/07 21:31:49 right: true
2024/08/07 21:31:49 up: false
2024/08/07 21:31:49 down: false
2024/08/07 21:31:49 left: true
2024/08/07 21:31:49 right: true
2024/08/07 21:31:49 up: false
2024/08/07 21:31:49 down: true
2024/08/07 21:31:49 left: true
2024/08/07 21:31:49 right: false
2024/08/07 21:31:49 up: false
2024/08/07 21:31:49 down: true
2024/08/07 21:31:49 left: false
2024/08/07 21:31:49 right: false
2024/08/07 21:31:49 up: true
2024/08/07 21:31:49 down: false
2024/08/07 21:31:49 left: false
2024/08/07 21:31:49 right: false
2024/08/07 21:31:49 up: true
2024/08/07 21:31:49 down: false
2024/08/07 21:31:49 left: false
2024/08/07 21:31:49 right: true
2024/08/07 21:31:49 up: true
2024/08/07 21:31:49 down: false
2024/08/07 21:31:49 left: true
2024/08/07 21:31:49 right: true
2024/08/07 21:31:49 up: false
2024/08/07 21:31:49 down: true
2024/08/07 21:31:49 left: true
2024/08/07 21:31:49 right: true
2024/08/07 21:31:49 up: false
2024/08/07 21:31:49 down: true
2024/08/07 21:31:49 left: true
2024/08/07 21:31:49 right: true
2024/08/07 21:31:49 up: false
2024/08/07 21:31:49 down: true
2024/08/07 21:31:49 left: true
2024/08/07 21:31:49 right: false
2024/08/07 21:31:49 up: false
2024/08/07 21:31:49 down: true
2024/08/07 21:31:49 left: false
2024/08/07 21:31:49 right: false
2024/08/07 21:31:49 up: true
2024/08/07 21:31:49 down: false
2024/08/07 21:31:49 left: false
2024/08/07 21:31:49 right: false
2024/08/07 21:31:49 up: true
2024/08/07 21:31:49 down: false
2024/08/07 21:31:49 left: false
2024/08/07 21:31:49 right: true
2024/08/07 21:31:49 up: true
2024/08/07 21:31:49 down: false
2024/08/07 21:31:49 left: true
2024/08/07 21:31:49 right: false
2024/08/07 21:31:49 up: false
2024/08/07 21:31:49 down: true
2024/08/07 21:31:50 left: false
2024/08/07 21:31:50 right: true
2024/08/07 21:31:50 up: false
2024/08/07 21:31:50 down: false
2024/08/07 21:31:50 left: true
2024/08/07 21:31:50 right: true
2024/08/07 21:31:50 up: false
2024/08/07 21:31:50 down: true
2024/08/07 21:31:50 left: true
2024/08/07 21:31:50 right: false
2024/08/07 21:31:50 up: false
2024/08/07 21:31:50 down: true
2024/08/07 21:31:50 left: false
2024/08/07 21:31:50 right: false
2024/08/07 21:31:50 up: true
2024/08/07 21:31:50 down: false
2024/08/07 21:31:50 left: false
2024/08/07 21:31:50 right: false
2024/08/07 21:31:50 up: true
2024/08/07 21:31:50 down: false
2024/08/07 21:31:50 left: false
2024/08/07 21:31:50 right: true
2024/08/07 21:31:50 up: true
2024/08/07 21:31:50 down: false
2024/08/07 21:31:50 left: true
2024/08/07 21:31:50 right: true
2024/08/07 21:31:50 up: false
2024/08/07 21:31:50 down: true
2024/08/07 21:31:50 left: true
2024/08/07 21:31:50 right: true
2024/08/07 21:31:50 up: false
2024/08/07 21:31:50 down: true
2024/08/07 21:31:50 left: true
2024/08/07 21:31:50 right: true
2024/08/07 21:31:50 up: false
2024/08/07 21:31:50 down: true
2024/08/07 21:31:50 left: true
2024/08/07 21:31:50 right: false
2024/08/07 21:31:50 up: false
2024/08/07 21:31:50 down: true
2024/08/07 21:31:50 left: false
2024/08/07 21:31:50 right: false
2024/08/07 21:31:50 up: true
2024/08/07 21:31:50 down: false
2024/08/07 21:31:50 left: false
2024/08/07 21:31:50 right: false
2024/08/07 21:31:50 up: true
2024/08/07 21:31:50 down: false
2024/08/07 21:31:50 left: false
2024/08/07 21:31:50 right: true
2024/08/07 21:31:50 up: true
2024/08/07 21:31:50 down: false
2024/08/07 21:31:50 left: true
2024/08/07 21:31:50 right: false
2024/08/07 21:31:50 up: false
2024/08/07 21:31:50 down: true
2024/08/07 21:31:50 left: false
2024/08/07 21:31:50 right: true
2024/08/07 21:31:50 up: false
2024/08/07 21:31:50 down: false
2024/08/07 21:31:50 left: true
2024/08/07 21:31:50 right: true
2024/08/07 21:31:50 up: false
2024/08/07 21:31:50 down: true
2024/08/07 21:31:50 left: true
2024/08/07 21:31:50 right: false
2024/08/07 21:31:50 up: false
2024/08/07 21:31:50 down: true
2024/08/07 21:31:50 left: false
2024/08/07 21:31:50 right: false
2024/08/07 21:31:50 up: true
2024/08/07 21:31:50 down: false
2024/08/07 21:31:50 left: false
2024/08/07 21:31:50 right: false
2024/08/07 21:31:50 up: true
2024/08/07 21:31:50 down: false
2024/08/07 21:31:50 left: false
2024/08/07 21:31:50 right: true
2024/08/07 21:31:50 up: true
2024/08/07 21:31:50 down: false
2024/08/07 21:31:50 left: true
2024/08/07 21:31:50 right: true
2024/08/07 21:31:50 up: false
2024/08/07 21:31:50 down: true
2024/08/07 21:31:50 left: true
2024/08/07 21:31:50 right: true
2024/08/07 21:31:50 up: false
2024/08/07 21:31:50 down: true
2024/08/07 21:31:50 left: true
2024/08/07 21:31:50 right: true
2024/08/07 21:31:50 up: false
2024/08/07 21:31:50 down: true
2024/08/07 21:31:50 left: true
2024/08/07 21:31:50 right: false
2024/08/07 21:31:50 up: false
2024/08/07 21:31:50 down: true
2024/08/07 21:31:50 left: false
2024/08/07 21:31:50 right: false
2024/08/07 21:31:50 up: true
2024/08/07 21:31:50 down: false
2024/08/07 21:31:50 left: false
2024/08/07 21:31:50 right: false
2024/08/07 21:31:50 up: true
2024/08/07 21:31:50 down: false
2024/08/07 21:31:50 left: false
2024/08/07 21:31:50 right: true
2024/08/07 21:31:50 up: true
2024/08/07 21:31:50 down: false
2024/08/07 21:31:50 left: true
2024/08/07 21:31:50 right: false
2024/08/07 21:31:50 up: false
2024/08/07 21:31:50 down: true
2024/08/07 21:31:50 left: false
2024/08/07 21:31:50 right: true
2024/08/07 21:31:50 up: false
2024/08/07 21:31:50 down: false
2024/08/07 21:31:50 left: true
2024/08/07 21:31:50 right: true
2024/08/07 21:31:50 up: false
2024/08/07 21:31:50 down: true
2024/08/07 21:31:50 left: true
2024/08/07 21:31:50 right: false
2024/08/07 21:31:50 up: false
2024/08/07 21:31:50 down: true
2024/08/07 21:31:50 left: false
2024/08/07 21:31:50 right: false
2024/08/07 21:31:50 up: true
2024/08/07 21:31:50 down: false
2024/08/07 21:31:50 left: false
2024/08/07 21:31:50 right: false
2024/08/07 21:31:50 up: true
2024/08/07 21:31:50 down: false
2024/08/07 21:31:50 left: false
2024/08/07 21:31:50 right: true
2024/08/07 21:31:50 up: true
2024/08/07 21:31:50 down: false
2024/08/07 21:31:50 left: true
2024/08/07 21:31:50 right: true
2024/08/07 21:31:50 up: false
2024/08/07 21:31:50 down: true
2024/08/07 21:31:50 left: true
2024/08/07 21:31:50 right: true
2024/08/07 21:31:50 up: false
2024/08/07 21:31:50 down: true
2024/08/07 21:31:50 left: true
2024/08/07 21:31:50 right: true
2024/08/07 21:31:50 up: false
2024/08/07 21:31:50 down: true
2024/08/07 21:31:50 left: true
2024/08/07 21:31:50 right: false
2024/08/07 21:31:50 up: false
2024/08/07 21:31:50 down: true
2024/08/07 21:31:50 left: false
2024/08/07 21:31:50 right: false
2024/08/07 21:31:50 up: true
2024/08/07 21:31:50 down: false
2024/08/07 21:31:50 left: false
2024/08/07 21:31:50 right: false
2024/08/07 21:31:50 up: true
2024/08/07 21:31:50 down: false
2024/08/07 21:31:50 left: false
2024/08/07 21:31:50 right: true
2024/08/07 21:31:50 up: true
2024/08/07 21:31:50 down: false
2024/08/07 21:31:50 left: true
2024/08/07 21:31:50 right: false
2024/08/07 21:31:50 up: false
2024/08/07 21:31:50 down: true
2024/08/07 21:31:51 left: false
2024/08/07 21:31:51 right: true
2024/08/07 21:31:51 up: false
2024/08/07 21:31:51 down: false
2024/08/07 21:31:51 left: true
2024/08/07 21:31:51 right: true
2024/08/07 21:31:51 up: false
2024/08/07 21:31:51 down: true
2024/08/07 21:31:51 left: true
2024/08/07 21:31:51 right: false
2024/08/07 21:31:51 up: false
2024/08/07 21:31:51 down: true
2024/08/07 21:31:51 left: false
2024/08/07 21:31:51 right: false
2024/08/07 21:31:51 up: true
2024/08/07 21:31:51 down: false
2024/08/07 21:31:51 left: false
2024/08/07 21:31:51 right: false
2024/08/07 21:31:51 up: true
2024/08/07 21:31:51 down: false
2024/08/07 21:31:51 left: false
2024/08/07 21:31:51 right: true
2024/08/07 21:31:51 up: true
2024/08/07 21:31:51 down: false
2024/08/07 21:31:51 left: true
2024/08/07 21:31:51 right: true
2024/08/07 21:31:51 up: false
2024/08/07 21:31:51 down: true
2024/08/07 21:31:51 left: true
2024/08/07 21:31:51 right: true
2024/08/07 21:31:51 up: false
2024/08/07 21:31:51 down: true
2024/08/07 21:31:51 left: true
2024/08/07 21:31:51 right: true
2024/08/07 21:31:51 up: false
2024/08/07 21:31:51 down: true
2024/08/07 21:31:51 left: true
2024/08/07 21:31:51 right: false
2024/08/07 21:31:51 up: false
2024/08/07 21:31:51 down: true
2024/08/07 21:31:51 left: false
2024/08/07 21:31:51 right: false
2024/08/07 21:31:51 up: true
2024/08/07 21:31:51 down: false
2024/08/07 21:31:51 left: false
2024/08/07 21:31:51 right: false
2024/08/07 21:31:51 up: true
2024/08/07 21:31:51 down: false
2024/08/07 21:31:51 left: false
2024/08/07 21:31:51 right: true
2024/08/07 21:31:51 up: true
2024/08/07 21:31:51 down: false
2024/08/07 21:31:51 left: true
2024/08/07 21:31:51 right: false
2024/08/07 21:31:51 up: false
2024/08/07 21:31:51 down: true
2024/08/07 21:31:51 left: false
2024/08/07 21:31:51 right: true
2024/08/07 21:31:51 up: false
2024/08/07 21:31:51 down: false
2024/08/07 21:31:51 left: true
2024/08/07 21:31:51 right: true
2024/08/07 21:31:51 up: false
2024/08/07 21:31:51 down: true
2024/08/07 21:31:51 left: true
2024/08/07 21:31:51 right: false
2024/08/07 21:31:51 up: false
2024/08/07 21:31:51 down: true
2024/08/07 21:31:51 left: false
2024/08/07 21:31:51 right: false
2024/08/07 21:31:51 up: true
2024/08/07 21:31:51 down: false
2024/08/07 21:31:51 left: false
2024/08/07 21:31:51 right: false
2024/08/07 21:31:51 up: true
2024/08/07 21:31:51 down: false
2024/08/07 21:31:51 left: false
2024/08/07 21:31:51 right: true
2024/08/07 21:31:51 up: true
2024/08/07 21:31:51 down: false
2024/08/07 21:31:51 left: true
2024/08/07 21:31:51 right: true
2024/08/07 21:31:51 up: false
2024/08/07 21:31:51 down: true
2024/08/07 21:31:51 left: true
2024/08/07 21:31:51 right: true
2024/08/07 21:31:51 up: false
2024/08/07 21:31:51 down: true
2024/08/07 21:31:51 left: true
2024/08/07 21:31:51 right: true
2024/08/07 21:31:51 up: false
2024/08/07 21:31:51 down: true
2024/08/07 21:31:51 left: true
2024/08/07 21:31:51 right: false
2024/08/07 21:31:51 up: false
2024/08/07 21:31:51 down: true
2024/08/07 21:31:51 left: false
2024/08/07 21:31:51 right: false
2024/08/07 21:31:51 up: true
2024/08/07 21:31:51 down: false
2024/08/07 21:31:51 left: false
2024/08/07 21:31:51 right: false
2024/08/07 21:31:51 up: true
2024/08/07 21:31:51 down: false
2024/08/07 21:31:51 left: false
2024/08/07 21:31:51 right: true
2024/08/07 21:31:51 up: true
2024/08/07 21:31:51 down: false
2024/08/07 21:31:51 left: true
2024/08/07 21:31:51 right: false
2024/08/07 21:31:51 up: false
2024/08/07 21:31:51 down: true
2024/08/07 21:31:51 left: false
2024/08/07 21:31:51 right: true
2024/08/07 21:31:51 up: false
2024/08/07 21:31:51 down: false
2024/08/07 21:31:51 left: true
2024/08/07 21:31:51 right: true
2024/08/07 21:31:51 up: false
2024/08/07 21:31:51 down: true
2024/08/07 21:31:51 left: true
2024/08/07 21:31:51 right: false
2024/08/07 21:31:51 up: false
2024/08/07 21:31:51 down: true
2024/08/07 21:31:51 left: false
2024/08/07 21:31:51 right: false
2024/08/07 21:31:51 up: true
2024/08/07 21:31:51 down: false
2024/08/07 21:31:51 left: false
2024/08/07 21:31:51 right: false
2024/08/07 21:31:51 up: true
2024/08/07 21:31:51 down: false
2024/08/07 21:31:51 left: false
2024/08/07 21:31:51 right: true
2024/08/07 21:31:51 up: true
2024/08/07 21:31:51 down: false
2024/08/07 21:31:51 left: true
2024/08/07 21:31:51 right: true
2024/08/07 21:31:51 up: false
2024/08/07 21:31:51 down: true
2024/08/07 21:31:51 left: true
2024/08/07 21:31:51 right: true
2024/08/07 21:31:51 up: false
2024/08/07 21:31:51 down: true
2024/08/07 21:31:51 left: true
2024/08/07 21:31:51 right: true
2024/08/07 21:31:51 up: false
2024/08/07 21:31:51 down: true
2024/08/07 21:31:51 left: true
2024/08/07 21:31:51 right: false
2024/08/07 21:31:51 up: false
2024/08/07 21:31:51 down: true
2024/08/07 21:31:51 left: false
2024/08/07 21:31:51 right: false
2024/08/07 21:31:51 up: true
2024/08/07 21:31:51 down: false
2024/08/07 21:31:51 left: false
2024/08/07 21:31:51 right: false
2024/08/07 21:31:51 up: true
2024/08/07 21:31:51 down: false
2024/08/07 21:31:51 left: false
2024/08/07 21:31:51 right: true
2024/08/07 21:31:51 up: true
2024/08/07 21:31:51 down: false
2024/08/07 21:31:51 left: true
2024/08/07 21:31:51 right: false
2024/08/07 21:31:51 up: false
2024/08/07 21:31:51 down: true
2024/08/07 21:31:51 left: false
2024/08/07 21:31:51 right: true
2024/08/07 21:31:51 up: false
2024/08/07 21:31:51 down: false
2024/08/07 21:31:51 left: true
2024/08/07 21:31:51 right: true
2024/08/07 21:31:51 up: false
2024/08/07 21:31:51 down: true
2024/08/07 21:31:51 left: true
2024/08/07 21:31:51 right: false
2024/08/07 21:31:51 up: false
2024/08/07 21:31:51 down: true
2024/08/07 21:31:51 left: false
2024/08/07 21:31:51 right: false
2024/08/07 21:31:51 up: true
2024/08/07 21:31:51 down: false
2024/08/07 21:31:51 left: false
2024/08/07 21:31:51 right: false
2024/08/07 21:31:51 up: true
2024/08/07 21:31:51 down: false
2024/08/07 21:31:51 left: false
2024/08/07 21:31:51 right: true
2024/08/07 21:31:51 up: true
2024/08/07 21:31:51 down: false
2024/08/07 21:31:51 left: true
2024/08/07 21:31:51 right: true
2024/08/07 21:31:51 up: false
2024/08/07 21:31:51 down: true
2024/08/07 21:31:51 left: true
2024/08/07 21:31:51 right: true
2024/08/07 21:31:51 up: false
2024/08/07 21:31:51 down: true
2024/08/07 21:31:51 left: true
2024/08/07 21:31:51 right: true
2024/08/07 21:31:51 up: false
2024/08/07 21:31:51 down: true
2024/08/07 21:31:51 left: true
2024/08/07 21:31:51 right: false
2024/08/07 21:31:51 up: false
2024/08/07 21:31:51 down: true
2024/08/07 21:31:51 left: false
2024/08/07 21:31:51 right: false
2024/08/07 21:31:51 up: true
2024/08/07 21:31:51 down: false
2024/08/07 21:31:51 left: false
2024/08/07 21:31:51 right: false
2024/08/07 21:31:51 up: true
2024/08/07 21:31:51 down: false
2024/08/07 21:31:51 left: false
2024/08/07 21:31:51 right: true
2024/08/07 21:31:51 up: true
2024/08/07 21:31:51 down: false
2024/08/07 21:31:51 left: true
2024/08/07 21:31:51 right: false
2024/08/07 21:31:51 up: false
2024/08/07 21:31:51 down: true
2024/08/07 21:31:51 left: false
2024/08/07 21:31:51 right: true
2024/08/07 21:31:51 up: false
2024/08/07 21:31:51 down: false
2024/08/07 21:31:51 left: true
2024/08/07 21:31:51 right: true
2024/08/07 21:31:51 up: false
2024/08/07 21:31:51 down: true
2024/08/07 21:31:51 left: true
2024/08/07 21:31:51 right: false
2024/08/07 21:31:51 up: false
2024/08/07 21:31:51 down: true
2024/08/07 21:31:51 left: false
2024/08/07 21:31:51 right: false
2024/08/07 21:31:51 up: true
2024/08/07 21:31:51 down: false
2024/08/07 21:31:51 left: false
2024/08/07 21:31:51 right: false
2024/08/07 21:31:51 up: true
2024/08/07 21:31:51 down: false
2024/08/07 21:31:51 left: false
2024/08/07 21:31:51 right: true
2024/08/07 21:31:51 up: true
2024/08/07 21:31:51 down: false
2024/08/07 21:31:51 left: true
2024/08/07 21:31:51 right: true
2024/08/07 21:31:51 up: false
2024/08/07 21:31:51 down: true
2024/08/07 21:31:51 left: true
2024/08/07 21:31:51 right: true
2024/08/07 21:31:51 up: false
2024/08/07 21:31:51 down: true
2024/08/07 21:31:51 left: true
2024/08/07 21:31:51 right: true
2024/08/07 21:31:51 up: false
2024/08/07 21:31:51 down: true
2024/08/07 21:31:51 left: true
2024/08/07 21:31:51 right: false
2024/08/07 21:31:51 up: false
2024/08/07 21:31:51 down: true
2024/08/07 21:31:51 left: false
2024/08/07 21:31:51 right: false
2024/08/07 21:31:51 up: true
2024/08/07 21:31:51 down: false
2024/08/07 21:31:51 left: false
2024/08/07 21:31:51 right: false
2024/08/07 21:31:51 up: true
2024/08/07 21:31:51 down: false
2024/08/07 21:31:51 left: false
2024/08/07 21:31:51 right: true
2024/08/07 21:31:51 up: true
2024/08/07 21:31:51 down: false
2024/08/07 21:31:51 left: true
2024/08/07 21:31:51 right: false
2024/08/07 21:31:51 up: false
2024/08/07 21:31:51 down: true
2024/08/07 21:31:51 left: false
2024/08/07 21:31:51 right: true
2024/08/07 21:31:51 up: false
2024/08/07 21:31:51 down: false
2024/08/07 21:31:51 left: true
2024/08/07 21:31:51 right: true
2024/08/07 21:31:51 up: false
2024/08/07 21:31:51 down: true
2024/08/07 21:31:51 left: true
2024/08/07 21:31:51 right: false
2024/08/07 21:31:51 up: false
2024/08/07 21:31:51 down: true
2024/08/07 21:31:51 left: false
2024/08/07 21:31:51 right: false
2024/08/07 21:31:51 up: true
2024/08/07 21:31:51 down: false
2024/08/07 21:31:51 left: false
2024/08/07 21:31:51 right: false
2024/08/07 21:31:51 up: true
2024/08/07 21:31:51 down: false
2024/08/07 21:31:51 left: false
2024/08/07 21:31:51 right: true
2024/08/07 21:31:51 up: true
2024/08/07 21:31:51 down: false
2024/08/07 21:31:51 left: true
2024/08/07 21:31:51 right: true
2024/08/07 21:31:51 up: false
2024/08/07 21:31:51 down: true
2024/08/07 21:31:51 left: true
2024/08/07 21:31:51 right: true
2024/08/07 21:31:51 up: false
2024/08/07 21:31:51 down: true
2024/08/07 21:31:51 left: true
2024/08/07 21:31:51 right: true
2024/08/07 21:31:51 up: false
2024/08/07 21:31:51 down: true
2024/08/07 21:31:51 left: true
2024/08/07 21:31:51 right: false
2024/08/07 21:31:51 up: false
2024/08/07 21:31:51 down: true
2024/08/07 21:31:51 left: false
2024/08/07 21:31:51 right: false
2024/08/07 21:31:51 up: true
2024/08/07 21:31:51 down: false
2024/08/07 21:31:51 left: false
2024/08/07 21:31:51 right: false
2024/08/07 21:31:51 up: true
2024/08/07 21:31:51 down: false
2024/08/07 21:31:51 left: false
2024/08/07 21:31:51 right: true
2024/08/07 21:31:51 up: true
2024/08/07 21:31:51 down: false
2024/08/07 21:31:51 left: true
2024/08/07 21:31:51 right: false
2024/08/07 21:31:51 up: false
2024/08/07 21:31:51 down: true
2024/08/07 21:31:51 left: false
2024/08/07 21:31:51 right: true
2024/08/07 21:31:51 up: false
2024/08/07 21:31:51 down: false
2024/08/07 21:31:51 left: true
2024/08/07 21:31:51 right: true
2024/08/07 21:31:51 up: false
2024/08/07 21:31:51 down: true
2024/08/07 21:31:51 left: true
2024/08/07 21:31:51 right: false
2024/08/07 21:31:51 up: false
2024/08/07 21:31:51 down: true
2024/08/07 21:31:51 left: false
2024/08/07 21:31:51 right: false
2024/08/07 21:31:51 up: true
2024/08/07 21:31:51 down: false
2024/08/07 21:31:51 left: false
2024/08/07 21:31:51 right: false
2024/08/07 21:31:51 up: true
2024/08/07 21:31:51 down: false
2024/08/07 21:31:51 left: false
2024/08/07 21:31:51 right: true
2024/08/07 21:31:51 up: true
2024/08/07 21:31:51 down: false
2024/08/07 21:31:51 left: true
2024/08/07 21:31:51 right: true
2024/08/07 21:31:51 up: false
2024/08/07 21:31:51 down: true
2024/08/07 21:31:51 left: true
2024/08/07 21:31:51 right: true
2024/08/07 21:31:51 up: false
2024/08/07 21:31:51 down: true
2024/08/07 21:31:51 left: true
2024/08/07 21:31:51 right: true
2024/08/07 21:31:51 up: false
2024/08/07 21:31:51 down: true
2024/08/07 21:31:51 left: true
2024/08/07 21:31:51 right: false
2024/08/07 21:31:51 up: false
2024/08/07 21:31:51 down: true
2024/08/07 21:31:51 left: false
2024/08/07 21:31:51 right: false
2024/08/07 21:31:51 up: true
2024/08/07 21:31:51 down: false
2024/08/07 21:31:51 left: false
2024/08/07 21:31:51 right: false
2024/08/07 21:31:51 up: true
2024/08/07 21:31:51 down: false
2024/08/07 21:31:51 left: false
2024/08/07 21:31:51 right: true
2024/08/07 21:31:51 up: true
2024/08/07 21:31:51 down: false
2024/08/07 21:31:51 left: true
2024/08/07 21:31:51 right: false
2024/08/07 21:31:51 up: false
2024/08/07 21:31:51 down: true
2024/08/07 21:31:52 left: false
2024/08/07 21:31:52 right: true
2024/08/07 21:31:52 up: false
2024/08/07 21:31:52 down: false
2024/08/07 21:31:52 left: true
2024/08/07 21:31:52 right: true
2024/08/07 21:31:52 up: false
2024/08/07 21:31:52 down: true
2024/08/07 21:31:52 left: true
2024/08/07 21:31:52 right: false
2024/08/07 21:31:52 up: false
2024/08/07 21:31:52 down: true
2024/08/07 21:31:52 left: false
2024/08/07 21:31:52 right: false
2024/08/07 21:31:52 up: true
2024/08/07 21:31:52 down: false
2024/08/07 21:31:52 left: false
2024/08/07 21:31:52 right: false
2024/08/07 21:31:52 up: true
2024/08/07 21:31:52 down: false
2024/08/07 21:31:52 left: false
2024/08/07 21:31:52 right: true
2024/08/07 21:31:52 up: true
2024/08/07 21:31:52 down: false
2024/08/07 21:31:52 left: true
2024/08/07 21:31:52 right: true
2024/08/07 21:31:52 up: false
2024/08/07 21:31:52 down: true
2024/08/07 21:31:52 left: true
2024/08/07 21:31:52 right: true
2024/08/07 21:31:52 up: false
2024/08/07 21:31:52 down: true
2024/08/07 21:31:52 left: true
2024/08/07 21:31:52 right: true
2024/08/07 21:31:52 up: false
2024/08/07 21:31:52 down: true
2024/08/07 21:31:52 left: true
2024/08/07 21:31:52 right: false
2024/08/07 21:31:52 up: false
2024/08/07 21:31:52 down: true
2024/08/07 21:31:52 left: false
2024/08/07 21:31:52 right: false
2024/08/07 21:31:52 up: true
2024/08/07 21:31:52 down: false
2024/08/07 21:31:52 left: false
2024/08/07 21:31:52 right: false
2024/08/07 21:31:52 up: true
2024/08/07 21:31:52 down: false
2024/08/07 21:31:52 left: false
2024/08/07 21:31:52 right: true
2024/08/07 21:31:52 up: true
2024/08/07 21:31:52 down: false
2024/08/07 21:31:52 left: true
2024/08/07 21:31:52 right: false
2024/08/07 21:31:52 up: false
2024/08/07 21:31:52 down: true
2024/08/07 21:31:52 left: false
2024/08/07 21:31:52 right: true
2024/08/07 21:31:52 up: false
2024/08/07 21:31:52 down: false
2024/08/07 21:31:52 left: true
2024/08/07 21:31:52 right: true
2024/08/07 21:31:52 up: false
2024/08/07 21:31:52 down: true
2024/08/07 21:31:52 left: true
2024/08/07 21:31:52 right: false
2024/08/07 21:31:52 up: false
2024/08/07 21:31:52 down: true
2024/08/07 21:31:52 left: false
2024/08/07 21:31:52 right: false
2024/08/07 21:31:52 up: true
2024/08/07 21:31:52 down: false
2024/08/07 21:31:52 left: false
2024/08/07 21:31:52 right: false
2024/08/07 21:31:52 up: true
2024/08/07 21:31:52 down: false
2024/08/07 21:31:52 left: false
2024/08/07 21:31:52 right: true
2024/08/07 21:31:52 up: true
2024/08/07 21:31:52 down: false
2024/08/07 21:31:52 left: true
2024/08/07 21:31:52 right: true
2024/08/07 21:31:52 up: false
2024/08/07 21:31:52 down: true
2024/08/07 21:31:52 left: true
2024/08/07 21:31:52 right: true
2024/08/07 21:31:52 up: false
2024/08/07 21:31:52 down: true
2024/08/07 21:31:52 left: true
2024/08/07 21:31:52 right: true
2024/08/07 21:31:52 up: false
2024/08/07 21:31:52 down: true
2024/08/07 21:31:52 left: true
2024/08/07 21:31:52 right: false
2024/08/07 21:31:52 up: false
2024/08/07 21:31:52 down: true
2024/08/07 21:31:52 left: false
2024/08/07 21:31:52 right: false
2024/08/07 21:31:52 up: true
2024/08/07 21:31:52 down: false
2024/08/07 21:31:52 left: false
2024/08/07 21:31:52 right: false
2024/08/07 21:31:52 up: true
2024/08/07 21:31:52 down: false
2024/08/07 21:31:52 left: false
2024/08/07 21:31:52 right: true
2024/08/07 21:31:52 up: true
2024/08/07 21:31:52 down: false
2024/08/07 21:31:52 left: true
2024/08/07 21:31:52 right: false
2024/08/07 21:31:52 up: false
2024/08/07 21:31:52 down: true
2024/08/07 21:31:52 left: false
2024/08/07 21:31:52 right: true
2024/08/07 21:31:52 up: false
2024/08/07 21:31:52 down: false
2024/08/07 21:31:52 left: true
2024/08/07 21:31:52 right: true
2024/08/07 21:31:52 up: false
2024/08/07 21:31:52 down: true
2024/08/07 21:31:52 left: true
2024/08/07 21:31:52 right: false
2024/08/07 21:31:52 up: false
2024/08/07 21:31:52 down: true
2024/08/07 21:31:52 left: false
2024/08/07 21:31:52 right: false
2024/08/07 21:31:52 up: true
2024/08/07 21:31:52 down: false
2024/08/07 21:31:52 left: false
2024/08/07 21:31:52 right: false
2024/08/07 21:31:52 up: true
2024/08/07 21:31:52 down: false
2024/08/07 21:31:52 left: false
2024/08/07 21:31:52 right: true
2024/08/07 21:31:52 up: true
2024/08/07 21:31:52 down: false
2024/08/07 21:31:52 left: true
2024/08/07 21:31:52 right: true
2024/08/07 21:31:52 up: false
2024/08/07 21:31:52 down: true
2024/08/07 21:31:52 left: true
2024/08/07 21:31:52 right: true
2024/08/07 21:31:52 up: false
2024/08/07 21:31:52 down: true
2024/08/07 21:31:52 left: true
2024/08/07 21:31:52 right: true
2024/08/07 21:31:52 up: false
2024/08/07 21:31:52 down: true
2024/08/07 21:31:52 left: true
2024/08/07 21:31:52 right: false
2024/08/07 21:31:52 up: false
2024/08/07 21:31:52 down: true
2024/08/07 21:31:52 left: false
2024/08/07 21:31:52 right: false
2024/08/07 21:31:52 up: true
2024/08/07 21:31:52 down: false
2024/08/07 21:31:52 left: false
2024/08/07 21:31:52 right: false
2024/08/07 21:31:52 up: true
2024/08/07 21:31:52 down: false
2024/08/07 21:31:52 left: false
2024/08/07 21:31:52 right: true
2024/08/07 21:31:52 up: true
2024/08/07 21:31:52 down: false
2024/08/07 21:31:52 left: true
2024/08/07 21:31:52 right: false
2024/08/07 21:31:52 up: false
2024/08/07 21:31:52 down: true
2024/08/07 21:31:52 left: false
2024/08/07 21:31:52 right: false
2024/08/07 21:31:52 up: true
2024/08/07 21:31:52 down: false
2024/08/07 21:31:52 left: false
2024/08/07 21:31:52 right: true
2024/08/07 21:31:52 up: false
2024/08/07 21:31:52 down: false
2024/08/07 21:31:52 left: true
2024/08/07 21:31:52 right: true
2024/08/07 21:31:52 up: false
2024/08/07 21:31:52 down: true
2024/08/07 21:31:52 left: true
2024/08/07 21:31:52 right: false
2024/08/07 21:31:52 up: false
2024/08/07 21:31:52 down: true
2024/08/07 21:31:52 left: false
2024/08/07 21:31:52 right: false
2024/08/07 21:31:52 up: true
2024/08/07 21:31:52 down: false
2024/08/07 21:31:52 left: false
2024/08/07 21:31:52 right: false
2024/08/07 21:31:52 up: true
2024/08/07 21:31:52 down: false
2024/08/07 21:31:52 left: false
2024/08/07 21:31:52 right: true
2024/08/07 21:31:52 up: true
2024/08/07 21:31:52 down: false
2024/08/07 21:31:52 left: true
2024/08/07 21:31:52 right: true
2024/08/07 21:31:52 up: false
2024/08/07 21:31:52 down: true
2024/08/07 21:31:52 left: true
2024/08/07 21:31:52 right: true
2024/08/07 21:31:52 up: false
2024/08/07 21:31:52 down: true
2024/08/07 21:31:52 left: true
2024/08/07 21:31:52 right: true
2024/08/07 21:31:52 up: false
2024/08/07 21:31:52 down: true
2024/08/07 21:31:52 left: true
2024/08/07 21:31:52 right: false
2024/08/07 21:31:52 up: false
2024/08/07 21:31:52 down: true
2024/08/07 21:31:52 left: false
2024/08/07 21:31:52 right: false
2024/08/07 21:31:52 up: true
2024/08/07 21:31:52 down: false
2024/08/07 21:31:52 left: false
2024/08/07 21:31:52 right: false
2024/08/07 21:31:52 up: true
2024/08/07 21:31:52 down: false
2024/08/07 21:31:52 left: false
2024/08/07 21:31:52 right: true
2024/08/07 21:31:52 up: true
2024/08/07 21:31:52 down: false
2024/08/07 21:31:52 left: true
2024/08/07 21:31:52 right: false
2024/08/07 21:31:52 up: false
2024/08/07 21:31:52 down: true
2024/08/07 21:31:52 left: false
2024/08/07 21:31:52 right: false
2024/08/07 21:31:52 up: false
2024/08/07 21:31:52 down: false
2024/08/07 21:31:52 left: false
2024/08/07 21:31:52 right: true
2024/08/07 21:31:52 up: false
2024/08/07 21:31:52 down: false
2024/08/07 21:31:52 left: true
2024/08/07 21:31:52 right: true
2024/08/07 21:31:52 up: false
2024/08/07 21:31:52 down: true
2024/08/07 21:31:52 left: true
2024/08/07 21:31:52 right: false
2024/08/07 21:31:52 up: false
2024/08/07 21:31:52 down: true
2024/08/07 21:31:52 left: false
2024/08/07 21:31:52 right: false
2024/08/07 21:31:52 up: true
2024/08/07 21:31:52 down: false
2024/08/07 21:31:52 left: false
2024/08/07 21:31:52 right: false
2024/08/07 21:31:52 up: true
2024/08/07 21:31:52 down: false
2024/08/07 21:31:52 left: false
2024/08/07 21:31:52 right: true
2024/08/07 21:31:52 up: true
2024/08/07 21:31:52 down: false
2024/08/07 21:31:52 left: true
2024/08/07 21:31:52 right: true
2024/08/07 21:31:52 up: false
2024/08/07 21:31:52 down: true
2024/08/07 21:31:52 left: true
2024/08/07 21:31:52 right: true
2024/08/07 21:31:52 up: false
2024/08/07 21:31:52 down: true
2024/08/07 21:31:52 left: true
2024/08/07 21:31:52 right: true
2024/08/07 21:31:52 up: false
2024/08/07 21:31:52 down: true
2024/08/07 21:31:52 left: true
2024/08/07 21:31:52 right: false
2024/08/07 21:31:52 up: false
2024/08/07 21:31:52 down: true
2024/08/07 21:31:52 left: false
2024/08/07 21:31:52 right: false
2024/08/07 21:31:52 up: true
2024/08/07 21:31:52 down: false
2024/08/07 21:31:52 left: false
2024/08/07 21:31:52 right: false
2024/08/07 21:31:52 up: true
2024/08/07 21:31:52 down: false
2024/08/07 21:31:52 left: false
2024/08/07 21:31:52 right: true
2024/08/07 21:31:52 up: true
2024/08/07 21:31:52 down: false
2024/08/07 21:31:52 left: true
2024/08/07 21:31:52 right: false
2024/08/07 21:31:52 up: false
2024/08/07 21:31:52 down: true
2024/08/07 21:31:52 left: false
2024/08/07 21:31:52 right: false
2024/08/07 21:31:52 up: false
2024/08/07 21:31:52 down: false
2024/08/07 21:31:52 left: false
2024/08/07 21:31:52 right: true
2024/08/07 21:31:52 up: false
2024/08/07 21:31:52 down: false
2024/08/07 21:31:52 left: true
2024/08/07 21:31:52 right: true
2024/08/07 21:31:52 up: false
2024/08/07 21:31:52 down: true
2024/08/07 21:31:52 left: true
2024/08/07 21:31:52 right: false
2024/08/07 21:31:52 up: false
2024/08/07 21:31:52 down: true
2024/08/07 21:31:52 left: false
2024/08/07 21:31:52 right: false
2024/08/07 21:31:52 up: true
2024/08/07 21:31:52 down: false
2024/08/07 21:31:52 left: false
2024/08/07 21:31:52 right: false
2024/08/07 21:31:52 up: true
2024/08/07 21:31:52 down: false
2024/08/07 21:31:52 left: false
2024/08/07 21:31:52 right: true
2024/08/07 21:31:52 up: true
2024/08/07 21:31:52 down: false
2024/08/07 21:31:52 left: true
2024/08/07 21:31:52 right: true
2024/08/07 21:31:52 up: false
2024/08/07 21:31:52 down: true
2024/08/07 21:31:52 left: true
2024/08/07 21:31:52 right: true
2024/08/07 21:31:52 up: false
2024/08/07 21:31:52 down: true
2024/08/07 21:31:52 left: true
2024/08/07 21:31:52 right: true
2024/08/07 21:31:52 up: false
2024/08/07 21:31:52 down: true
2024/08/07 21:31:52 left: true
2024/08/07 21:31:52 right: false
2024/08/07 21:31:52 up: false
2024/08/07 21:31:52 down: true
2024/08/07 21:31:52 left: false
2024/08/07 21:31:52 right: false
2024/08/07 21:31:52 up: true
2024/08/07 21:31:52 down: false
2024/08/07 21:31:52 left: false
2024/08/07 21:31:52 right: false
2024/08/07 21:31:52 up: true
2024/08/07 21:31:52 down: false
2024/08/07 21:31:52 left: false
2024/08/07 21:31:52 right: true
2024/08/07 21:31:52 up: true
2024/08/07 21:31:52 down: false
2024/08/07 21:31:52 left: true
2024/08/07 21:31:52 right: false
2024/08/07 21:31:52 up: false
2024/08/07 21:31:52 down: true
2024/08/07 21:31:52 left: false
2024/08/07 21:31:52 right: false
2024/08/07 21:31:52 up: false
2024/08/07 21:31:52 down: false
2024/08/07 21:31:52 left: false
2024/08/07 21:31:52 right: true
2024/08/07 21:31:52 up: false
2024/08/07 21:31:52 down: false
2024/08/07 21:31:52 left: true
2024/08/07 21:31:52 right: true
2024/08/07 21:31:52 up: false
2024/08/07 21:31:52 down: true
2024/08/07 21:31:52 left: true
2024/08/07 21:31:52 right: false
2024/08/07 21:31:52 up: false
2024/08/07 21:31:52 down: true
2024/08/07 21:31:52 left: false
2024/08/07 21:31:52 right: false
2024/08/07 21:31:52 up: true
2024/08/07 21:31:52 down: false
2024/08/07 21:31:52 left: false
2024/08/07 21:31:52 right: false
2024/08/07 21:31:52 up: true
2024/08/07 21:31:52 down: false
2024/08/07 21:31:52 left: false
2024/08/07 21:31:52 right: true
2024/08/07 21:31:52 up: true
2024/08/07 21:31:52 down: false
2024/08/07 21:31:52 left: true
2024/08/07 21:31:52 right: true
2024/08/07 21:31:52 up: false
2024/08/07 21:31:52 down: true
2024/08/07 21:31:52 left: true
2024/08/07 21:31:52 right: true
2024/08/07 21:31:52 up: false
2024/08/07 21:31:52 down: true
2024/08/07 21:31:52 left: true
2024/08/07 21:31:52 right: true
2024/08/07 21:31:52 up: false
2024/08/07 21:31:52 down: true
2024/08/07 21:31:52 left: true
2024/08/07 21:31:52 right: false
2024/08/07 21:31:52 up: false
2024/08/07 21:31:52 down: true
2024/08/07 21:31:52 left: false
2024/08/07 21:31:52 right: false
2024/08/07 21:31:52 up: true
2024/08/07 21:31:52 down: false
2024/08/07 21:31:52 left: false
2024/08/07 21:31:52 right: false
2024/08/07 21:31:52 up: true
2024/08/07 21:31:52 down: false
2024/08/07 21:31:52 left: false
2024/08/07 21:31:52 right: true
2024/08/07 21:31:52 up: true
2024/08/07 21:31:52 down: false
2024/08/07 21:31:52 left: true
2024/08/07 21:31:52 right: false
2024/08/07 21:31:52 up: false
2024/08/07 21:31:52 down: true
2024/08/07 21:31:52 left: false
2024/08/07 21:31:52 right: false
2024/08/07 21:31:52 up: false
2024/08/07 21:31:52 down: false
2024/08/07 21:31:53 left: false
2024/08/07 21:31:53 right: true
2024/08/07 21:31:53 up: false
2024/08/07 21:31:53 down: false
2024/08/07 21:31:53 left: true
2024/08/07 21:31:53 right: true
2024/08/07 21:31:53 up: false
2024/08/07 21:31:53 down: true
2024/08/07 21:31:53 left: true
2024/08/07 21:31:53 right: false
2024/08/07 21:31:53 up: false
2024/08/07 21:31:53 down: true
2024/08/07 21:31:53 left: false
2024/08/07 21:31:53 right: false
2024/08/07 21:31:53 up: true
2024/08/07 21:31:53 down: false
2024/08/07 21:31:53 left: false
2024/08/07 21:31:53 right: false
2024/08/07 21:31:53 up: true
2024/08/07 21:31:53 down: false
2024/08/07 21:31:53 left: false
2024/08/07 21:31:53 right: true
2024/08/07 21:31:53 up: true
2024/08/07 21:31:53 down: false
2024/08/07 21:31:53 left: true
2024/08/07 21:31:53 right: true
2024/08/07 21:31:53 up: false
2024/08/07 21:31:53 down: true
2024/08/07 21:31:53 left: true
2024/08/07 21:31:53 right: true
2024/08/07 21:31:53 up: false
2024/08/07 21:31:53 down: true
2024/08/07 21:31:53 left: true
2024/08/07 21:31:53 right: true
2024/08/07 21:31:53 up: false
2024/08/07 21:31:53 down: true
2024/08/07 21:31:53 left: true
2024/08/07 21:31:53 right: false
2024/08/07 21:31:53 up: false
2024/08/07 21:31:53 down: true
2024/08/07 21:31:53 left: false
2024/08/07 21:31:53 right: false
2024/08/07 21:31:53 up: true
2024/08/07 21:31:53 down: false
2024/08/07 21:31:53 left: false
2024/08/07 21:31:53 right: false
2024/08/07 21:31:53 up: true
2024/08/07 21:31:53 down: false
2024/08/07 21:31:53 left: false
2024/08/07 21:31:53 right: true
2024/08/07 21:31:53 up: true
2024/08/07 21:31:53 down: false
2024/08/07 21:31:53 left: true
2024/08/07 21:31:53 right: false
2024/08/07 21:31:53 up: false
2024/08/07 21:31:53 down: true
2024/08/07 21:31:53 left: false
2024/08/07 21:31:53 right: false
2024/08/07 21:31:53 up: false
2024/08/07 21:31:53 down: false
2024/08/07 21:31:53 left: false
2024/08/07 21:31:53 right: true
2024/08/07 21:31:53 up: false
2024/08/07 21:31:53 down: false
2024/08/07 21:31:53 left: true
2024/08/07 21:31:53 right: true
2024/08/07 21:31:53 up: false
2024/08/07 21:31:53 down: true
2024/08/07 21:31:53 left: true
2024/08/07 21:31:53 right: false
2024/08/07 21:31:53 up: false
2024/08/07 21:31:53 down: true
2024/08/07 21:31:53 left: false
2024/08/07 21:31:53 right: false
2024/08/07 21:31:53 up: true
2024/08/07 21:31:53 down: false
2024/08/07 21:31:53 left: false
2024/08/07 21:31:53 right: false
2024/08/07 21:31:53 up: true
2024/08/07 21:31:53 down: false
2024/08/07 21:31:53 left: false
2024/08/07 21:31:53 right: true
2024/08/07 21:31:53 up: true
2024/08/07 21:31:53 down: false
2024/08/07 21:31:53 left: true
2024/08/07 21:31:53 right: true
2024/08/07 21:31:53 up: false
2024/08/07 21:31:53 down: true
2024/08/07 21:31:53 left: true
2024/08/07 21:31:53 right: true
2024/08/07 21:31:53 up: false
2024/08/07 21:31:53 down: true
2024/08/07 21:31:53 left: true
2024/08/07 21:31:53 right: true
2024/08/07 21:31:53 up: false
2024/08/07 21:31:53 down: true
2024/08/07 21:31:53 left: true
2024/08/07 21:31:53 right: false
2024/08/07 21:31:53 up: false
2024/08/07 21:31:53 down: true
2024/08/07 21:31:53 left: false
2024/08/07 21:31:53 right: false
2024/08/07 21:31:53 up: true
2024/08/07 21:31:53 down: false
2024/08/07 21:31:53 left: false
2024/08/07 21:31:53 right: false
2024/08/07 21:31:53 up: true
2024/08/07 21:31:53 down: false
2024/08/07 21:31:53 left: false
2024/08/07 21:31:53 right: true
2024/08/07 21:31:53 up: true
2024/08/07 21:31:53 down: false
2024/08/07 21:31:53 left: true
2024/08/07 21:31:53 right: false
2024/08/07 21:31:53 up: false
2024/08/07 21:31:53 down: true
2024/08/07 21:31:53 left: false
2024/08/07 21:31:53 right: true
2024/08/07 21:31:53 up: false
2024/08/07 21:31:53 down: false
2024/08/07 21:31:53 left: true
2024/08/07 21:31:53 right: true
2024/08/07 21:31:53 up: false
2024/08/07 21:31:53 down: true
2024/08/07 21:31:53 left: true
2024/08/07 21:31:53 right: false
2024/08/07 21:31:53 up: false
2024/08/07 21:31:53 down: true
2024/08/07 21:31:53 left: false
2024/08/07 21:31:53 right: false
2024/08/07 21:31:53 up: true
2024/08/07 21:31:53 down: false
2024/08/07 21:31:53 left: false
2024/08/07 21:31:53 right: false
2024/08/07 21:31:53 up: true
2024/08/07 21:31:53 down: false
2024/08/07 21:31:53 left: false
2024/08/07 21:31:53 right: true
2024/08/07 21:31:53 up: true
2024/08/07 21:31:53 down: false
2024/08/07 21:31:53 left: true
2024/08/07 21:31:53 right: true
2024/08/07 21:31:53 up: false
2024/08/07 21:31:53 down: true
2024/08/07 21:31:53 left: true
2024/08/07 21:31:53 right: true
2024/08/07 21:31:53 up: false
2024/08/07 21:31:53 down: true
2024/08/07 21:31:53 left: true
2024/08/07 21:31:53 right: true
2024/08/07 21:31:53 up: false
2024/08/07 21:31:53 down: true
2024/08/07 21:31:53 left: true
2024/08/07 21:31:53 right: false
2024/08/07 21:31:53 up: false
2024/08/07 21:31:53 down: true
2024/08/07 21:31:53 left: false
2024/08/07 21:31:53 right: false
2024/08/07 21:31:53 up: true
2024/08/07 21:31:53 down: false
2024/08/07 21:31:53 left: false
2024/08/07 21:31:53 right: false
2024/08/07 21:31:53 up: true
2024/08/07 21:31:53 down: false
2024/08/07 21:31:53 left: false
2024/08/07 21:31:53 right: true
2024/08/07 21:31:53 up: true
2024/08/07 21:31:53 down: false
2024/08/07 21:31:53 left: true
2024/08/07 21:31:53 right: false
2024/08/07 21:31:53 up: false
2024/08/07 21:31:53 down: true
2024/08/07 21:31:53 left: false
2024/08/07 21:31:53 right: true
2024/08/07 21:31:53 up: false
2024/08/07 21:31:53 down: false
2024/08/07 21:31:53 left: true
2024/08/07 21:31:53 right: true
2024/08/07 21:31:53 up: false
2024/08/07 21:31:53 down: true
2024/08/07 21:31:53 left: true
2024/08/07 21:31:53 right: false
2024/08/07 21:31:53 up: false
2024/08/07 21:31:53 down: true
2024/08/07 21:31:53 left: false
2024/08/07 21:31:53 right: false
2024/08/07 21:31:53 up: true
2024/08/07 21:31:53 down: false
2024/08/07 21:31:53 left: false
2024/08/07 21:31:53 right: false
2024/08/07 21:31:53 up: true
2024/08/07 21:31:53 down: false
2024/08/07 21:31:53 left: false
2024/08/07 21:31:53 right: true
2024/08/07 21:31:53 up: true
2024/08/07 21:31:53 down: false
2024/08/07 21:31:53 left: true
2024/08/07 21:31:53 right: true
2024/08/07 21:31:53 up: false
2024/08/07 21:31:53 down: true
2024/08/07 21:31:53 left: true
2024/08/07 21:31:53 right: true
2024/08/07 21:31:53 up: false
2024/08/07 21:31:53 down: true
2024/08/07 21:31:53 left: true
2024/08/07 21:31:53 right: true
2024/08/07 21:31:53 up: false
2024/08/07 21:31:53 down: true
2024/08/07 21:31:53 left: true
2024/08/07 21:31:53 right: false
2024/08/07 21:31:53 up: false
2024/08/07 21:31:53 down: true
2024/08/07 21:31:53 left: false
2024/08/07 21:31:53 right: false
2024/08/07 21:31:53 up: true
2024/08/07 21:31:53 down: false
2024/08/07 21:31:53 left: false
2024/08/07 21:31:53 right: false
2024/08/07 21:31:53 up: true
2024/08/07 21:31:53 down: false
2024/08/07 21:31:53 left: false
2024/08/07 21:31:53 right: true
2024/08/07 21:31:53 up: true
2024/08/07 21:31:53 down: false
2024/08/07 21:31:53 left: true
2024/08/07 21:31:53 right: false
2024/08/07 21:31:53 up: false
2024/08/07 21:31:53 down: true
2024/08/07 21:31:54 left: false
2024/08/07 21:31:54 right: true
2024/08/07 21:31:54 up: false
2024/08/07 21:31:54 down: false
2024/08/07 21:31:54 left: true
2024/08/07 21:31:54 right: true
2024/08/07 21:31:54 up: false
2024/08/07 21:31:54 down: true
2024/08/07 21:31:54 left: true
2024/08/07 21:31:54 right: false
2024/08/07 21:31:54 up: false
2024/08/07 21:31:54 down: true
2024/08/07 21:31:54 left: false
2024/08/07 21:31:54 right: false
2024/08/07 21:31:54 up: true
2024/08/07 21:31:54 down: false
2024/08/07 21:31:54 left: false
2024/08/07 21:31:54 right: false
2024/08/07 21:31:54 up: true
2024/08/07 21:31:54 down: false
2024/08/07 21:31:54 left: false
2024/08/07 21:31:54 right: true
2024/08/07 21:31:54 up: true
2024/08/07 21:31:54 down: false
2024/08/07 21:31:54 left: true
2024/08/07 21:31:54 right: true
2024/08/07 21:31:54 up: false
2024/08/07 21:31:54 down: true
2024/08/07 21:31:54 left: true
2024/08/07 21:31:54 right: true
2024/08/07 21:31:54 up: false
2024/08/07 21:31:54 down: true
2024/08/07 21:31:54 left: true
2024/08/07 21:31:54 right: true
2024/08/07 21:31:54 up: false
2024/08/07 21:31:54 down: true
2024/08/07 21:31:54 left: true
2024/08/07 21:31:54 right: false
2024/08/07 21:31:54 up: false
2024/08/07 21:31:54 down: true
2024/08/07 21:31:54 left: false
2024/08/07 21:31:54 right: false
2024/08/07 21:31:54 up: true
2024/08/07 21:31:54 down: false
2024/08/07 21:31:54 left: false
2024/08/07 21:31:54 right: false
2024/08/07 21:31:54 up: true
2024/08/07 21:31:54 down: false
2024/08/07 21:31:54 left: false
2024/08/07 21:31:54 right: true
2024/08/07 21:31:54 up: true
2024/08/07 21:31:54 down: false
2024/08/07 21:31:54 left: true
2024/08/07 21:31:54 right: false
2024/08/07 21:31:54 up: false
2024/08/07 21:31:54 down: true
2024/08/07 21:31:55 left: false
2024/08/07 21:31:55 right: true
2024/08/07 21:31:55 up: false
2024/08/07 21:31:55 down: false
2024/08/07 21:31:55 left: true
2024/08/07 21:31:55 right: true
2024/08/07 21:31:55 up: false
2024/08/07 21:31:55 down: true
2024/08/07 21:31:55 left: true
2024/08/07 21:31:55 right: false
2024/08/07 21:31:55 up: false
2024/08/07 21:31:55 down: true
2024/08/07 21:31:55 left: false
2024/08/07 21:31:55 right: false
2024/08/07 21:31:55 up: true
2024/08/07 21:31:55 down: false
2024/08/07 21:31:55 left: false
2024/08/07 21:31:55 right: false
2024/08/07 21:31:55 up: true
2024/08/07 21:31:55 down: false
2024/08/07 21:31:55 left: false
2024/08/07 21:31:55 right: true
2024/08/07 21:31:55 up: true
2024/08/07 21:31:55 down: false
2024/08/07 21:31:55 left: true
2024/08/07 21:31:55 right: true
2024/08/07 21:31:55 up: false
2024/08/07 21:31:55 down: true
2024/08/07 21:31:55 left: true
2024/08/07 21:31:55 right: true
2024/08/07 21:31:55 up: false
2024/08/07 21:31:55 down: true
2024/08/07 21:31:55 left: true
2024/08/07 21:31:55 right: true
2024/08/07 21:31:55 up: false
2024/08/07 21:31:55 down: true
2024/08/07 21:31:55 left: true
2024/08/07 21:31:55 right: false
2024/08/07 21:31:55 up: false
2024/08/07 21:31:55 down: true
2024/08/07 21:31:55 left: false
2024/08/07 21:31:55 right: false
2024/08/07 21:31:55 up: true
2024/08/07 21:31:55 down: false
2024/08/07 21:31:55 left: false
2024/08/07 21:31:55 right: false
2024/08/07 21:31:55 up: true
2024/08/07 21:31:55 down: false
2024/08/07 21:31:55 left: false
2024/08/07 21:31:55 right: true
2024/08/07 21:31:55 up: true
2024/08/07 21:31:55 down: false
2024/08/07 21:31:55 left: true
2024/08/07 21:31:55 right: false
2024/08/07 21:31:55 up: false
2024/08/07 21:31:55 down: true
2024/08/07 21:31:55 left: false
2024/08/07 21:31:55 right: true
2024/08/07 21:31:55 up: false
2024/08/07 21:31:55 down: false
2024/08/07 21:31:55 left: true
2024/08/07 21:31:55 right: true
2024/08/07 21:31:55 up: false
2024/08/07 21:31:55 down: true
2024/08/07 21:31:55 left: true
2024/08/07 21:31:55 right: false
2024/08/07 21:31:55 up: false
2024/08/07 21:31:55 down: true
2024/08/07 21:31:55 left: false
2024/08/07 21:31:55 right: false
2024/08/07 21:31:55 up: true
2024/08/07 21:31:55 down: false
2024/08/07 21:31:55 left: false
2024/08/07 21:31:55 right: false
2024/08/07 21:31:55 up: true
2024/08/07 21:31:55 down: false
2024/08/07 21:31:55 left: false
2024/08/07 21:31:55 right: true
2024/08/07 21:31:55 up: true
2024/08/07 21:31:55 down: false
2024/08/07 21:31:55 left: true
2024/08/07 21:31:55 right: true
2024/08/07 21:31:55 up: false
2024/08/07 21:31:55 down: true
2024/08/07 21:31:55 left: true
2024/08/07 21:31:55 right: true
2024/08/07 21:31:55 up: false
2024/08/07 21:31:55 down: true
2024/08/07 21:31:55 left: true
2024/08/07 21:31:55 right: true
2024/08/07 21:31:55 up: false
2024/08/07 21:31:55 down: true
2024/08/07 21:31:55 left: true
2024/08/07 21:31:55 right: false
2024/08/07 21:31:55 up: false
2024/08/07 21:31:55 down: true
2024/08/07 21:31:55 left: false
2024/08/07 21:31:55 right: false
2024/08/07 21:31:55 up: true
2024/08/07 21:31:55 down: false
2024/08/07 21:31:55 left: false
2024/08/07 21:31:55 right: false
2024/08/07 21:31:55 up: true
2024/08/07 21:31:55 down: false
2024/08/07 21:31:55 left: false
2024/08/07 21:31:55 right: true
2024/08/07 21:31:55 up: true
2024/08/07 21:31:55 down: false
2024/08/07 21:31:55 left: true
2024/08/07 21:31:55 right: false
2024/08/07 21:31:55 up: false
2024/08/07 21:31:55 down: true
2024/08/07 21:31:55 left: false
2024/08/07 21:31:55 right: true
2024/08/07 21:31:55 up: false
2024/08/07 21:31:55 down: false
2024/08/07 21:31:55 left: true
2024/08/07 21:31:55 right: true
2024/08/07 21:31:55 up: false
2024/08/07 21:31:55 down: true
2024/08/07 21:31:55 left: true
2024/08/07 21:31:55 right: false
2024/08/07 21:31:55 up: false
2024/08/07 21:31:55 down: true
2024/08/07 21:31:55 left: false
2024/08/07 21:31:55 right: false
2024/08/07 21:31:55 up: true
2024/08/07 21:31:55 down: false
2024/08/07 21:31:55 left: false
2024/08/07 21:31:55 right: false
2024/08/07 21:31:55 up: true
2024/08/07 21:31:55 down: false
2024/08/07 21:31:55 left: false
2024/08/07 21:31:55 right: true
2024/08/07 21:31:55 up: true
2024/08/07 21:31:55 down: false
2024/08/07 21:31:55 left: true
2024/08/07 21:31:55 right: true
2024/08/07 21:31:55 up: false
2024/08/07 21:31:55 down: true
2024/08/07 21:31:55 left: true
2024/08/07 21:31:55 right: true
2024/08/07 21:31:55 up: false
2024/08/07 21:31:55 down: true
2024/08/07 21:31:55 left: true
2024/08/07 21:31:55 right: true
2024/08/07 21:31:55 up: false
2024/08/07 21:31:55 down: true
2024/08/07 21:31:55 left: true
2024/08/07 21:31:55 right: false
2024/08/07 21:31:55 up: false
2024/08/07 21:31:55 down: true
2024/08/07 21:31:55 left: false
2024/08/07 21:31:55 right: false
2024/08/07 21:31:55 up: true
2024/08/07 21:31:55 down: false
2024/08/07 21:31:55 left: false
2024/08/07 21:31:55 right: false
2024/08/07 21:31:55 up: true
2024/08/07 21:31:55 down: false
2024/08/07 21:31:55 left: false
2024/08/07 21:31:55 right: true
2024/08/07 21:31:55 up: true
2024/08/07 21:31:55 down: false
2024/08/07 21:31:55 left: true
2024/08/07 21:31:55 right: false
2024/08/07 21:31:55 up: false
2024/08/07 21:31:55 down: true
2024/08/07 21:31:55 left: false
2024/08/07 21:31:55 right: true
2024/08/07 21:31:55 up: false
2024/08/07 21:31:55 down: false
2024/08/07 21:31:55 left: true
2024/08/07 21:31:55 right: true
2024/08/07 21:31:55 up: false
2024/08/07 21:31:55 down: true
2024/08/07 21:31:55 left: true
2024/08/07 21:31:55 right: false
2024/08/07 21:31:55 up: false
2024/08/07 21:31:55 down: true
2024/08/07 21:31:55 left: false
2024/08/07 21:31:55 right: false
2024/08/07 21:31:55 up: true
2024/08/07 21:31:55 down: false
2024/08/07 21:31:55 left: false
2024/08/07 21:31:55 right: false
2024/08/07 21:31:55 up: true
2024/08/07 21:31:55 down: false
2024/08/07 21:31:55 left: false
2024/08/07 21:31:55 right: true
2024/08/07 21:31:55 up: true
2024/08/07 21:31:55 down: false
2024/08/07 21:31:55 left: true
2024/08/07 21:31:55 right: true
2024/08/07 21:31:55 up: false
2024/08/07 21:31:55 down: true
2024/08/07 21:31:55 left: true
2024/08/07 21:31:55 right: true
2024/08/07 21:31:55 up: false
2024/08/07 21:31:55 down: true
2024/08/07 21:31:55 left: true
2024/08/07 21:31:55 right: true
2024/08/07 21:31:55 up: false
2024/08/07 21:31:55 down: true
2024/08/07 21:31:55 left: true
2024/08/07 21:31:55 right: false
2024/08/07 21:31:55 up: false
2024/08/07 21:31:55 down: true
2024/08/07 21:31:55 left: false
2024/08/07 21:31:55 right: false
2024/08/07 21:31:55 up: true
2024/08/07 21:31:55 down: false
2024/08/07 21:31:55 left: false
2024/08/07 21:31:55 right: false
2024/08/07 21:31:55 up: true
2024/08/07 21:31:55 down: false
2024/08/07 21:31:55 left: false
2024/08/07 21:31:55 right: true
2024/08/07 21:31:55 up: true
2024/08/07 21:31:55 down: false
2024/08/07 21:31:55 left: true
2024/08/07 21:31:55 right: false
2024/08/07 21:31:55 up: false
2024/08/07 21:31:55 down: true
2024/08/07 21:31:56 left: false
2024/08/07 21:31:56 right: true
2024/08/07 21:31:56 up: false
2024/08/07 21:31:56 down: false
2024/08/07 21:31:56 left: true
2024/08/07 21:31:56 right: true
2024/08/07 21:31:56 up: false
2024/08/07 21:31:56 down: true
2024/08/07 21:31:56 left: true
2024/08/07 21:31:56 right: false
2024/08/07 21:31:56 up: false
2024/08/07 21:31:56 down: true
2024/08/07 21:31:56 left: false
2024/08/07 21:31:56 right: false
2024/08/07 21:31:56 up: true
2024/08/07 21:31:56 down: false
2024/08/07 21:31:56 left: false
2024/08/07 21:31:56 right: false
2024/08/07 21:31:56 up: true
2024/08/07 21:31:56 down: false
2024/08/07 21:31:56 left: false
2024/08/07 21:31:56 right: true
2024/08/07 21:31:56 up: true
2024/08/07 21:31:56 down: false
2024/08/07 21:31:56 left: true
2024/08/07 21:31:56 right: true
2024/08/07 21:31:56 up: false
2024/08/07 21:31:56 down: true
2024/08/07 21:31:56 left: true
2024/08/07 21:31:56 right: true
2024/08/07 21:31:56 up: false
2024/08/07 21:31:56 down: true
2024/08/07 21:31:56 left: true
2024/08/07 21:31:56 right: true
2024/08/07 21:31:56 up: false
2024/08/07 21:31:56 down: true
2024/08/07 21:31:56 left: true
2024/08/07 21:31:56 right: false
2024/08/07 21:31:56 up: false
2024/08/07 21:31:56 down: true
2024/08/07 21:31:56 left: false
2024/08/07 21:31:56 right: false
2024/08/07 21:31:56 up: true
2024/08/07 21:31:56 down: false
2024/08/07 21:31:56 left: false
2024/08/07 21:31:56 right: false
2024/08/07 21:31:56 up: true
2024/08/07 21:31:56 down: false
2024/08/07 21:31:56 left: false
2024/08/07 21:31:56 right: true
2024/08/07 21:31:56 up: true
2024/08/07 21:31:56 down: false
2024/08/07 21:31:56 left: true
2024/08/07 21:31:56 right: false
2024/08/07 21:31:56 up: false
2024/08/07 21:31:56 down: true
2024/08/07 21:31:56 left: false
2024/08/07 21:31:56 right: true
2024/08/07 21:31:56 up: false
2024/08/07 21:31:56 down: false
2024/08/07 21:31:56 left: true
2024/08/07 21:31:56 right: true
2024/08/07 21:31:56 up: false
2024/08/07 21:31:56 down: true
2024/08/07 21:31:56 left: true
2024/08/07 21:31:56 right: false
2024/08/07 21:31:56 up: false
2024/08/07 21:31:56 down: true
2024/08/07 21:31:56 left: false
2024/08/07 21:31:56 right: false
2024/08/07 21:31:56 up: true
2024/08/07 21:31:56 down: false
2024/08/07 21:31:56 left: false
2024/08/07 21:31:56 right: false
2024/08/07 21:31:56 up: true
2024/08/07 21:31:56 down: false
2024/08/07 21:31:56 left: false
2024/08/07 21:31:56 right: true
2024/08/07 21:31:56 up: true
2024/08/07 21:31:56 down: false
2024/08/07 21:31:56 left: true
2024/08/07 21:31:56 right: true
2024/08/07 21:31:56 up: false
2024/08/07 21:31:56 down: true
2024/08/07 21:31:56 left: true
2024/08/07 21:31:56 right: true
2024/08/07 21:31:56 up: false
2024/08/07 21:31:56 down: true
2024/08/07 21:31:56 left: true
2024/08/07 21:31:56 right: true
2024/08/07 21:31:56 up: false
2024/08/07 21:31:56 down: true
2024/08/07 21:31:56 left: true
2024/08/07 21:31:56 right: false
2024/08/07 21:31:56 up: false
2024/08/07 21:31:56 down: true
2024/08/07 21:31:56 left: false
2024/08/07 21:31:56 right: false
2024/08/07 21:31:56 up: true
2024/08/07 21:31:56 down: false
2024/08/07 21:31:56 left: false
2024/08/07 21:31:56 right: false
2024/08/07 21:31:56 up: true
2024/08/07 21:31:56 down: false
2024/08/07 21:31:56 left: false
2024/08/07 21:31:56 right: true
2024/08/07 21:31:56 up: true
2024/08/07 21:31:56 down: false
2024/08/07 21:31:56 left: true
2024/08/07 21:31:56 right: false
2024/08/07 21:31:56 up: false
2024/08/07 21:31:56 down: true
